Traceback (most recent call last):
  File "/opt/conda/lib/python3.10/site-packages/jupyter_cache/executors/utils.py", line 58, in single_nb_execution
    executenb(
  File "/opt/conda/lib/python3.10/site-packages/nbclient/client.py", line 1305, in execute
    return NotebookClient(nb=nb, resources=resources, km=km, **kwargs).execute()
  File "/opt/conda/lib/python3.10/site-packages/jupyter_core/utils/__init__.py", line 166, in wrapped
    return loop.run_until_complete(inner)
  File "/opt/conda/lib/python3.10/asyncio/base_events.py", line 649, in run_until_complete
    return future.result()
  File "/opt/conda/lib/python3.10/site-packages/nbclient/client.py", line 705, in async_execute
    await self.async_execute_cell(
  File "/opt/conda/lib/python3.10/site-packages/nbclient/client.py", line 1058, in async_execute_cell
    await self._check_raise_for_error(cell, cell_index, exec_reply)
  File "/opt/conda/lib/python3.10/site-packages/nbclient/client.py", line 914, in _check_raise_for_error
    raise CellExecutionError.from_cell_and_msg(cell, exec_reply_content)
nbclient.exceptions.CellExecutionError: An error occurred while executing the following cell:
------------------
import matplotlib.pyplot as plt
import seaborn as sns
from caveclient import CAVEclient

client = CAVEclient('minnie65_public')

ct_df = client.materialize.query_table('aibs_soma_nuc_metamodel_preds_v117', split_positions=True)

# convert to nanometers
ct_df['pt_position_x_nm'] = ct_df['pt_position_x'] * 4
ct_df['pt_position_y_nm'] = ct_df['pt_position_y'] * 4
ct_df['pt_position_z_nm'] = ct_df['pt_position_z'] * 40

fig, ax = plt.subplots(figsize=(5,4))
sns.scatterplot(
    x='pt_position_x_nm',
    y='pt_position_y_nm',
    s=3,
    data=ct_df.sample(10_000), # Pick a random sample of 10,000 points, enough to see the shape of the data.
    ax=ax,
)

# Important to flip the y axis to have y increase with depth!
ax.invert_yaxis()
sns.despine(ax=ax)
------------------


[0;31m---------------------------------------------------------------------------[0m
[0;31mAuthException[0m                             Traceback (most recent call last)
Cell [0;32mIn[2], line 5[0m
[1;32m      2[0m [38;5;28;01mimport[39;00m [38;5;21;01mseaborn[39;00m [38;5;28;01mas[39;00m [38;5;21;01msns[39;00m
[1;32m      3[0m [38;5;28;01mfrom[39;00m [38;5;21;01mcaveclient[39;00m [38;5;28;01mimport[39;00m CAVEclient
[0;32m----> 5[0m client [38;5;241m=[39m [43mCAVEclient[49m[43m([49m[38;5;124;43m'[39;49m[38;5;124;43mminnie65_public[39;49m[38;5;124;43m'[39;49m[43m)[49m
[1;32m      7[0m ct_df [38;5;241m=[39m client[38;5;241m.[39mmaterialize[38;5;241m.[39mquery_table([38;5;124m'[39m[38;5;124maibs_soma_nuc_metamodel_preds_v117[39m[38;5;124m'[39m, split_positions[38;5;241m=[39m[38;5;28;01mTrue[39;00m)
[1;32m      9[0m [38;5;66;03m# convert to nanometers[39;00m

File [0;32m/opt/envs/allensdk/lib/python3.8/site-packages/caveclient/frameworkclient.py:99[0m, in [0;36mCAVEclient.__new__[0;34m(cls, datastack_name, server_address, auth_token_file, auth_token_key, auth_token, global_only, max_retries, pool_maxsize, pool_block, desired_resolution, info_cache, write_server_cache)[0m
[1;32m     88[0m     [38;5;28;01mreturn[39;00m CAVEclientGlobal(
[1;32m     89[0m         server_address[38;5;241m=[39mserver_address,
[1;32m     90[0m         auth_token_file[38;5;241m=[39mauth_token_file,
[0;32m   (...)[0m
[1;32m     96[0m         info_cache[38;5;241m=[39minfo_cache,
[1;32m     97[0m     )
[1;32m     98[0m [38;5;28;01melse[39;00m:
[0;32m---> 99[0m     [38;5;28;01mreturn[39;00m [43mCAVEclientFull[49m[43m([49m
[1;32m    100[0m [43m        [49m[43mdatastack_name[49m[38;5;241;43m=[39;49m[43mdatastack_name[49m[43m,[49m
[1;32m    101[0m [43m        [49m[43mserver_address[49m[38;5;241;43m=[39;49m[43mserver_address[49m[43m,[49m
[1;32m    102[0m [43m        [49m[43mauth_token_file[49m[38;5;241;43m=[39;49m[43mauth_token_file[49m[43m,[49m
[1;32m    103[0m [43m        [49m[43mauth_token_key[49m[38;5;241;43m=[39;49m[43mauth_token_key[49m[43m,[49m
[1;32m    104[0m [43m        [49m[43mauth_token[49m[38;5;241;43m=[39;49m[43mauth_token[49m[43m,[49m
[1;32m    105[0m [43m        [49m[43mmax_retries[49m[38;5;241;43m=[39;49m[43mmax_retries[49m[43m,[49m
[1;32m    106[0m [43m        [49m[43mpool_maxsize[49m[38;5;241;43m=[39;49m[43mpool_maxsize[49m[43m,[49m
[1;32m    107[0m [43m        [49m[43mpool_block[49m[38;5;241;43m=[39;49m[43mpool_block[49m[43m,[49m
[1;32m    108[0m [43m        [49m[43mdesired_resolution[49m[38;5;241;43m=[39;49m[43mdesired_resolution[49m[43m,[49m
[1;32m    109[0m [43m        [49m[43minfo_cache[49m[38;5;241;43m=[39;49m[43minfo_cache[49m[43m,[49m
[1;32m    110[0m [43m    [49m[43m)[49m

File [0;32m/opt/envs/allensdk/lib/python3.8/site-packages/caveclient/frameworkclient.py:364[0m, in [0;36mCAVEclientFull.__init__[0;34m(self, datastack_name, server_address, auth_token_file, auth_token_key, auth_token, max_retries, pool_maxsize, pool_block, desired_resolution, info_cache)[0m
[1;32m    362[0m [38;5;28mself[39m[38;5;241m.[39m_l2cache [38;5;241m=[39m [38;5;28;01mNone[39;00m
[1;32m    363[0m [38;5;28mself[39m[38;5;241m.[39mdesired_resolution [38;5;241m=[39m desired_resolution
[0;32m--> 364[0m [38;5;28mself[39m[38;5;241m.[39mlocal_server [38;5;241m=[39m [38;5;28;43mself[39;49m[38;5;241;43m.[39;49m[43minfo[49m[38;5;241m.[39mlocal_server()
[1;32m    365[0m av_info [38;5;241m=[39m [38;5;28mself[39m[38;5;241m.[39minfo[38;5;241m.[39mget_aligned_volume_info()
[1;32m    366[0m [38;5;28mself[39m[38;5;241m.[39m_aligned_volume_name [38;5;241m=[39m av_info[[38;5;124m"[39m[38;5;124mname[39m[38;5;124m"[39m]

File [0;32m/opt/envs/allensdk/lib/python3.8/site-packages/caveclient/frameworkclient.py:227[0m, in [0;36mCAVEclientGlobal.info[0;34m(self)[0m
[1;32m    224[0m [38;5;129m@property[39m
[1;32m    225[0m [38;5;28;01mdef[39;00m [38;5;21minfo[39m([38;5;28mself[39m) [38;5;241m-[39m[38;5;241m>[39m InfoServiceClient:
[1;32m    226[0m     [38;5;28;01mif[39;00m [38;5;28mself[39m[38;5;241m.[39m_info [38;5;129;01mis[39;00m [38;5;28;01mNone[39;00m:
[0;32m--> 227[0m         [38;5;28mself[39m[38;5;241m.[39m_info [38;5;241m=[39m [43mInfoServiceClient[49m[43m([49m
[1;32m    228[0m [43m            [49m[43mserver_address[49m[38;5;241;43m=[39;49m[38;5;28;43mself[39;49m[38;5;241;43m.[39;49m[43mserver_address[49m[43m,[49m
[1;32m    229[0m [43m            [49m[43mdatastack_name[49m[38;5;241;43m=[39;49m[38;5;28;43mself[39;49m[38;5;241;43m.[39;49m[43mdatastack_name[49m[43m,[49m
[1;32m    230[0m [43m            [49m[43mauth_client[49m[38;5;241;43m=[39;49m[38;5;28;43mself[39;49m[38;5;241;43m.[39;49m[43mauth[49m[43m,[49m
[1;32m    231[0m [43m            [49m[43mmax_retries[49m[38;5;241;43m=[39;49m[38;5;28;43mself[39;49m[38;5;241;43m.[39;49m[43m_max_retries[49m[43m,[49m
[1;32m    232[0m [43m            [49m[43mpool_maxsize[49m[38;5;241;43m=[39;49m[38;5;28;43mself[39;49m[38;5;241;43m.[39;49m[43m_pool_maxsize[49m[43m,[49m
[1;32m    233[0m [43m            [49m[43mpool_block[49m[38;5;241;43m=[39;49m[38;5;28;43mself[39;49m[38;5;241;43m.[39;49m[43m_pool_block[49m[43m,[49m
[1;32m    234[0m [43m            [49m[43mover_client[49m[38;5;241;43m=[39;49m[38;5;28;43mself[39;49m[43m,[49m
[1;32m    235[0m [43m            [49m[43minfo_cache[49m[38;5;241;43m=[39;49m[38;5;28;43mself[39;49m[38;5;241;43m.[39;49m[43m_info_cache[49m[43m,[49m
[1;32m    236[0m [43m        [49m[43m)[49m
[1;32m    237[0m     [38;5;28;01mreturn[39;00m [38;5;28mself[39m[38;5;241m.[39m_info

File [0;32m/opt/envs/allensdk/lib/python3.8/site-packages/caveclient/infoservice.py:53[0m, in [0;36mInfoServiceClient[0;34m(server_address, datastack_name, auth_client, api_version, verify, max_retries, pool_maxsize, pool_block, over_client, info_cache)[0m
[1;32m     42[0m endpoints, api_version [38;5;241m=[39m _api_endpoints(
[1;32m     43[0m     api_version,
[1;32m     44[0m     SERVER_KEY,
[0;32m   (...)[0m
[1;32m     49[0m     verify[38;5;241m=[39mverify
[1;32m     50[0m )
[1;32m     52[0m InfoClient [38;5;241m=[39m client_mapping[api_version]
[0;32m---> 53[0m [38;5;28;01mreturn[39;00m [43mInfoClient[49m[43m([49m
[1;32m     54[0m [43m    [49m[43mserver_address[49m[43m,[49m
[1;32m     55[0m [43m    [49m[43mauth_header[49m[43m,[49m
[1;32m     56[0m [43m    [49m[43mapi_version[49m[43m,[49m
[1;32m     57[0m [43m    [49m[43mendpoints[49m[43m,[49m
[1;32m     58[0m [43m    [49m[43mSERVER_KEY[49m[43m,[49m
[1;32m     59[0m [43m    [49m[43mdatastack_name[49m[43m,[49m
[1;32m     60[0m [43m    [49m[43mverify[49m[38;5;241;43m=[39;49m[43mverify[49m[43m,[49m
[1;32m     61[0m [43m    [49m[43mmax_retries[49m[38;5;241;43m=[39;49m[43mmax_retries[49m[43m,[49m
[1;32m     62[0m [43m    [49m[43mpool_maxsize[49m[38;5;241;43m=[39;49m[43mpool_maxsize[49m[43m,[49m
[1;32m     63[0m [43m    [49m[43mpool_block[49m[38;5;241;43m=[39;49m[43mpool_block[49m[43m,[49m
[1;32m     64[0m [43m    [49m[43mover_client[49m[38;5;241;43m=[39;49m[43mover_client[49m[43m,[49m
[1;32m     65[0m [43m    [49m[43minfo_cache[49m[38;5;241;43m=[39;49m[43minfo_cache[49m[43m,[49m
[1;32m     66[0m [43m[49m[43m)[49m

File [0;32m/opt/envs/allensdk/lib/python3.8/site-packages/caveclient/infoservice.py:104[0m, in [0;36mInfoServiceClientV2.__init__[0;34m(self, server_address, auth_header, api_version, endpoints, server_name, datastack_name, verify, max_retries, pool_maxsize, pool_block, over_client, info_cache)[0m
[1;32m    101[0m     [38;5;28mself[39m[38;5;241m.[39minfo_cache [38;5;241m=[39m info_cache
[1;32m    103[0m [38;5;28;01mif[39;00m datastack_name [38;5;129;01mis[39;00m [38;5;129;01mnot[39;00m [38;5;28;01mNone[39;00m:
[0;32m--> 104[0m     ds_info [38;5;241m=[39m [38;5;28;43mself[39;49m[38;5;241;43m.[39;49m[43mget_datastack_info[49m[43m([49m[43mdatastack_name[49m[38;5;241;43m=[39;49m[43mdatastack_name[49m[43m)[49m
[1;32m    105[0m     [38;5;28mself[39m[38;5;241m.[39m_aligned_volume_name [38;5;241m=[39m ds_info[[38;5;124m"[39m[38;5;124maligned_volume[39m[38;5;124m"[39m][[38;5;124m"[39m[38;5;124mname[39m[38;5;124m"[39m]
[1;32m    106[0m     [38;5;28mself[39m[38;5;241m.[39m_aligned_volume_id [38;5;241m=[39m ds_info[[38;5;124m"[39m[38;5;124maligned_volume[39m[38;5;124m"[39m][[38;5;124m"[39m[38;5;124mid[39m[38;5;124m"[39m]

File [0;32m/opt/envs/allensdk/lib/python3.8/site-packages/caveclient/infoservice.py:161[0m, in [0;36mInfoServiceClientV2.get_datastack_info[0;34m(self, datastack_name, use_stored)[0m
[1;32m    158[0m     response [38;5;241m=[39m [38;5;28mself[39m[38;5;241m.[39msession[38;5;241m.[39mget(url)
[1;32m    159[0m     [38;5;28mself[39m[38;5;241m.[39mraise_for_status(response)
[0;32m--> 161[0m     [38;5;28mself[39m[38;5;241m.[39minfo_cache[datastack_name] [38;5;241m=[39m [43mhandle_response[49m[43m([49m[43mresponse[49m[43m)[49m
[1;32m    163[0m [38;5;28;01mreturn[39;00m [38;5;28mself[39m[38;5;241m.[39minfo_cache[38;5;241m.[39mget(datastack_name, [38;5;28;01mNone[39;00m)

File [0;32m/opt/envs/allensdk/lib/python3.8/site-packages/caveclient/base.py:89[0m, in [0;36mhandle_response[0;34m(response, as_json, log_warning)[0m
[1;32m     87[0m [38;5;250m[39m[38;5;124;03m"""Deal with potential errors in endpoint response and return json for default case"""[39;00m
[1;32m     88[0m _raise_for_status(response, log_warning[38;5;241m=[39mlog_warning)
[0;32m---> 89[0m [43m_check_authorization_redirect[49m[43m([49m[43mresponse[49m[43m)[49m
[1;32m     90[0m [38;5;28;01mif[39;00m as_json:
[1;32m     91[0m     [38;5;28;01mreturn[39;00m response[38;5;241m.[39mjson()

File [0;32m/opt/envs/allensdk/lib/python3.8/site-packages/caveclient/base.py:103[0m, in [0;36m_check_authorization_redirect[0;34m(response)[0m
[1;32m    100[0m         first_url [38;5;241m=[39m response[38;5;241m.[39mhistory[[38;5;241m0[39m][38;5;241m.[39murl
[1;32m    101[0m         urlp [38;5;241m=[39m urllib[38;5;241m.[39mparse[38;5;241m.[39murlparse(first_url)
[0;32m--> 103[0m         [38;5;28;01mraise[39;00m AuthException(
[1;32m    104[0m             [38;5;124mf[39m[38;5;124m"""[39m[38;5;124mYou have not setup a token to access[39m
[1;32m    105[0m [38;5;132;01m{[39;00mfirst_url[38;5;132;01m}[39;00m
[1;32m    106[0m [38;5;124mwith the current auth configuration.[39m[38;5;130;01m\n[39;00m
[1;32m    107[0m [38;5;124mRead the documentation at [39m
[1;32m    108[0m [38;5;124mhttps://caveclient.readthedocs.io/en/latest/guide/authentication.html[39m
[1;32m    109[0m [38;5;124mor follow instructions under [39m
[1;32m    110[0m [38;5;124mclient.auth.get_new_token() for how to set a valid API token.[39m
[1;32m    111[0m [38;5;124mafter initializing a global client with[39m
[1;32m    112[0m [38;5;124mclient=CAVEclient(server_address=[39m[38;5;124m"[39m[38;5;132;01m{[39;00murlp[38;5;241m.[39mscheme[38;5;250m [39m[38;5;241m+[39m[38;5;124m"[39m[38;5;124m://[39m[38;5;124m"[39m[38;5;241m+[39m[38;5;250m [39murlp[38;5;241m.[39mnetloc[38;5;132;01m}[39;00m[38;5;124m"[39m[38;5;124m)[39m[38;5;124m"""[39m
[1;32m    113[0m         )

[0;31mAuthException[0m: You have not setup a token to access
https://global.daf-apis.com/info/api/v2/datastack/full/minnie65_public
with the current auth configuration.

Read the documentation at 
https://caveclient.readthedocs.io/en/latest/guide/authentication.html
or follow instructions under 
client.auth.get_new_token() for how to set a valid API token.
after initializing a global client with
client=CAVEclient(server_address="https://global.daf-apis.com")

