Traceback (most recent call last):
  File "/opt/conda/lib/python3.10/site-packages/jupyter_cache/executors/utils.py", line 58, in single_nb_execution
    executenb(
  File "/opt/conda/lib/python3.10/site-packages/nbclient/client.py", line 1305, in execute
    return NotebookClient(nb=nb, resources=resources, km=km, **kwargs).execute()
  File "/opt/conda/lib/python3.10/site-packages/jupyter_core/utils/__init__.py", line 166, in wrapped
    return loop.run_until_complete(inner)
  File "/opt/conda/lib/python3.10/asyncio/base_events.py", line 649, in run_until_complete
    return future.result()
  File "/opt/conda/lib/python3.10/site-packages/nbclient/client.py", line 705, in async_execute
    await self.async_execute_cell(
  File "/opt/conda/lib/python3.10/site-packages/nbclient/client.py", line 1058, in async_execute_cell
    await self._check_raise_for_error(cell, cell_index, exec_reply)
  File "/opt/conda/lib/python3.10/site-packages/nbclient/client.py", line 914, in _check_raise_for_error
    raise CellExecutionError.from_cell_and_msg(cell, exec_reply_content)
nbclient.exceptions.CellExecutionError: An error occurred while executing the following cell:
------------------
import os
from caveclient import CAVEclient
datastack_name = 'minnie65_public'
client = CAVEclient(datastack_name)

# set version, for consistency across time
client.materialize.version = 1078 # Current as of Summer 2024

# Show the description of the datastack
client.info.get_datastack_info()['description']
------------------


[0;31m---------------------------------------------------------------------------[0m
[0;31mRecursionError[0m                            Traceback (most recent call last)
Cell [0;32mIn[2], line 7[0m
[1;32m      4[0m client [38;5;241m=[39m CAVEclient(datastack_name)
[1;32m      6[0m [38;5;66;03m# set version, for consistency across time[39;00m
[0;32m----> 7[0m [43mclient[49m[38;5;241;43m.[39;49m[43mmaterialize[49m[38;5;241m.[39mversion [38;5;241m=[39m [38;5;241m1078[39m [38;5;66;03m# Current as of Summer 2024[39;00m
[1;32m      9[0m [38;5;66;03m# Show the description of the datastack[39;00m
[1;32m     10[0m client[38;5;241m.[39minfo[38;5;241m.[39mget_datastack_info()[[38;5;124m'[39m[38;5;124mdescription[39m[38;5;124m'[39m]

File [0;32m/opt/envs/allensdk/lib/python3.10/site-packages/caveclient/frameworkclient.py:449[0m, in [0;36mCAVEclientFull.materialize[0;34m(self)[0m
[1;32m    444[0m [38;5;250m[39m[38;5;124;03m"""[39;00m
[1;32m    445[0m [38;5;124;03mA client for the materialization service. See [client.materialize](../client_api/materialize.md)[39;00m
[1;32m    446[0m [38;5;124;03mfor more information.[39;00m
[1;32m    447[0m [38;5;124;03m"""[39;00m
[1;32m    448[0m [38;5;28;01mif[39;00m [38;5;28mself[39m[38;5;241m.[39m_materialize [38;5;129;01mis[39;00m [38;5;28;01mNone[39;00m:
[0;32m--> 449[0m     [38;5;28mself[39m[38;5;241m.[39m_materialize [38;5;241m=[39m [43mMaterializationClient[49m[43m([49m
[1;32m    450[0m [43m        [49m[43mserver_address[49m[38;5;241;43m=[39;49m[38;5;28;43mself[39;49m[38;5;241;43m.[39;49m[43mlocal_server[49m[43m,[49m
[1;32m    451[0m [43m        [49m[43mauth_client[49m[38;5;241;43m=[39;49m[38;5;28;43mself[39;49m[38;5;241;43m.[39;49m[43mauth[49m[43m,[49m
[1;32m    452[0m [43m        [49m[43mdatastack_name[49m[38;5;241;43m=[39;49m[38;5;28;43mself[39;49m[38;5;241;43m.[39;49m[43m_datastack_name[49m[43m,[49m
[1;32m    453[0m [43m        [49m[43msynapse_table[49m[38;5;241;43m=[39;49m[38;5;28;43mself[39;49m[38;5;241;43m.[39;49m[43minfo[49m[38;5;241;43m.[39;49m[43mget_datastack_info[49m[43m([49m[43m)[49m[38;5;241;43m.[39;49m[43mget[49m[43m([49m[38;5;124;43m"[39;49m[38;5;124;43msynapse_table[39;49m[38;5;124;43m"[39;49m[43m,[49m[43m [49m[38;5;28;43;01mNone[39;49;00m[43m)[49m[43m,[49m
[1;32m    454[0m [43m        [49m[43mmax_retries[49m[38;5;241;43m=[39;49m[38;5;28;43mself[39;49m[38;5;241;43m.[39;49m[43m_max_retries[49m[43m,[49m
[1;32m    455[0m [43m        [49m[43mpool_maxsize[49m[38;5;241;43m=[39;49m[38;5;28;43mself[39;49m[38;5;241;43m.[39;49m[43m_pool_maxsize[49m[43m,[49m
[1;32m    456[0m [43m        [49m[43mpool_block[49m[38;5;241;43m=[39;49m[38;5;28;43mself[39;49m[38;5;241;43m.[39;49m[43m_pool_block[49m[43m,[49m
[1;32m    457[0m [43m        [49m[43mover_client[49m[38;5;241;43m=[39;49m[38;5;28;43mself[39;49m[43m,[49m
[1;32m    458[0m [43m        [49m[43mdesired_resolution[49m[38;5;241;43m=[39;49m[38;5;28;43mself[39;49m[38;5;241;43m.[39;49m[43mdesired_resolution[49m[43m,[49m
[1;32m    459[0m [43m    [49m[43m)[49m
[1;32m    460[0m [38;5;28;01mreturn[39;00m [38;5;28mself[39m[38;5;241m.[39m_materialize

File [0;32m/opt/envs/allensdk/lib/python3.10/site-packages/caveclient/materializationengine.py:201[0m, in [0;36mMaterializationClient[0;34m(server_address, datastack_name, auth_client, cg_client, synapse_table, api_version, version, verify, max_retries, pool_maxsize, pool_block, desired_resolution, over_client)[0m
[1;32m    189[0m endpoints, api_version [38;5;241m=[39m _api_endpoints(
[1;32m    190[0m     api_version,
[1;32m    191[0m     SERVER_KEY,
[0;32m   (...)[0m
[1;32m    197[0m     verify[38;5;241m=[39mverify,
[1;32m    198[0m )
[1;32m    200[0m MatClient [38;5;241m=[39m client_mapping[api_version]
[0;32m--> 201[0m [38;5;28;01mreturn[39;00m [43mMatClient[49m[43m([49m
[1;32m    202[0m [43m    [49m[43mserver_address[49m[43m,[49m
[1;32m    203[0m [43m    [49m[43mauth_header[49m[43m,[49m
[1;32m    204[0m [43m    [49m[43mapi_version[49m[43m,[49m
[1;32m    205[0m [43m    [49m[43mendpoints[49m[43m,[49m
[1;32m    206[0m [43m    [49m[43mSERVER_KEY[49m[43m,[49m
[1;32m    207[0m [43m    [49m[43mdatastack_name[49m[43m,[49m
[1;32m    208[0m [43m    [49m[43mcg_client[49m[38;5;241;43m=[39;49m[43mcg_client[49m[43m,[49m
[1;32m    209[0m [43m    [49m[43msynapse_table[49m[38;5;241;43m=[39;49m[43msynapse_table[49m[43m,[49m
[1;32m    210[0m [43m    [49m[43mversion[49m[38;5;241;43m=[39;49m[43mversion[49m[43m,[49m
[1;32m    211[0m [43m    [49m[43mverify[49m[38;5;241;43m=[39;49m[43mverify[49m[43m,[49m
[1;32m    212[0m [43m    [49m[43mmax_retries[49m[38;5;241;43m=[39;49m[43mmax_retries[49m[43m,[49m
[1;32m    213[0m [43m    [49m[43mpool_maxsize[49m[38;5;241;43m=[39;49m[43mpool_maxsize[49m[43m,[49m
[1;32m    214[0m [43m    [49m[43mpool_block[49m[38;5;241;43m=[39;49m[43mpool_block[49m[43m,[49m
[1;32m    215[0m [43m    [49m[43mover_client[49m[38;5;241;43m=[39;49m[43mover_client[49m[43m,[49m
[1;32m    216[0m [43m    [49m[43mdesired_resolution[49m[38;5;241;43m=[39;49m[43mdesired_resolution[49m[43m,[49m
[1;32m    217[0m [43m[49m[43m)[49m

File [0;32m/opt/envs/allensdk/lib/python3.10/site-packages/caveclient/materializationengine.py:1924[0m, in [0;36mMaterializationClientV3.__init__[0;34m(self, *args, **kwargs)[0m
[1;32m   1922[0m [38;5;28;01mif[39;00m [38;5;28mself[39m[38;5;241m.[39mfc [38;5;129;01mis[39;00m [38;5;129;01mnot[39;00m [38;5;28;01mNone[39;00m:
[1;32m   1923[0m     [38;5;28;01mif[39;00m metadata[[38;5;241m0[39m][38;5;241m.[39mresult() [38;5;129;01mis[39;00m [38;5;129;01mnot[39;00m [38;5;28;01mNone[39;00m [38;5;129;01mand[39;00m metadata[[38;5;241m1[39m][38;5;241m.[39mresult() [38;5;129;01mis[39;00m [38;5;129;01mnot[39;00m [38;5;28;01mNone[39;00m:
[0;32m-> 1924[0m         tables [38;5;241m=[39m [43mTableManager[49m[43m([49m
[1;32m   1925[0m [43m            [49m[38;5;28;43mself[39;49m[38;5;241;43m.[39;49m[43mfc[49m[43m,[49m[43m [49m[43mmetadata[49m[43m[[49m[38;5;241;43m0[39;49m[43m][49m[38;5;241;43m.[39;49m[43mresult[49m[43m([49m[43m)[49m[43m,[49m[43m [49m[43mmetadata[49m[43m[[49m[38;5;241;43m1[39;49m[43m][49m[38;5;241;43m.[39;49m[43mresult[49m[43m([49m[43m)[49m
[1;32m   1926[0m [43m        [49m[43m)[49m
[1;32m   1927[0m [38;5;28mself[39m[38;5;241m.[39m_tables [38;5;241m=[39m tables
[1;32m   1928[0m [38;5;28;01mif[39;00m [38;5;28mself[39m[38;5;241m.[39mfc [38;5;129;01mis[39;00m [38;5;129;01mnot[39;00m [38;5;28;01mNone[39;00m:

File [0;32m/opt/envs/allensdk/lib/python3.10/site-packages/caveclient/tools/table_manager.py:669[0m, in [0;36mTableManager.__init__[0;34m(self, client, metadata, schema)[0m
[1;32m    667[0m populate_table_cache(client, metadata[38;5;241m=[39m[38;5;28mself[39m[38;5;241m.[39m_table_metadata)
[1;32m    668[0m [38;5;28;01mfor[39;00m tn [38;5;129;01min[39;00m [38;5;28mself[39m[38;5;241m.[39m_tables:
[0;32m--> 669[0m     [38;5;28msetattr[39m([38;5;28mself[39m, tn, [43mmake_query_filter[49m[43m([49m[43mtn[49m[43m,[49m[43m [49m[38;5;28;43mself[39;49m[38;5;241;43m.[39;49m[43m_table_metadata[49m[43m[[49m[43mtn[49m[43m][49m[43m,[49m[43m [49m[43mclient[49m[43m)[49m)

File [0;32m/opt/envs/allensdk/lib/python3.10/site-packages/caveclient/tools/table_manager.py:623[0m, in [0;36mmake_query_filter[0;34m(table_name, meta, client)[0m
[1;32m    614[0m [38;5;28;01mdef[39;00m [38;5;21mmake_query_filter[39m(table_name, meta, client):
[1;32m    615[0m     (
[1;32m    616[0m         pts,
[1;32m    617[0m         val_cols,
[1;32m    618[0m         all_unbd_pts,
[1;32m    619[0m         table_map,
[1;32m    620[0m         rename_map,
[1;32m    621[0m         table_list,
[1;32m    622[0m         desc,
[0;32m--> 623[0m     ) [38;5;241m=[39m [43mget_table_info[49m[43m([49m[43mtable_name[49m[43m,[49m[43m [49m[43mmeta[49m[43m,[49m[43m [49m[43mclient[49m[43m)[49m
[1;32m    624[0m     class_vals [38;5;241m=[39m make_class_vals(
[1;32m    625[0m         pts, val_cols, all_unbd_pts, table_map, rename_map, table_list
[1;32m    626[0m     )
[1;32m    627[0m     QueryFilter [38;5;241m=[39m attrs[38;5;241m.[39mmake_class(
[1;32m    628[0m         table_name, class_vals, bases[38;5;241m=[39m(make_kwargs_mixin(client),)
[1;32m    629[0m     )

File [0;32m/opt/envs/allensdk/lib/python3.10/site-packages/cachetools/__init__.py:741[0m, in [0;36mcached.<locals>.decorator.<locals>.wrapper[0;34m(*args, **kwargs)[0m
[1;32m    739[0m [38;5;28;01mexcept[39;00m [38;5;167;01mKeyError[39;00m:
[1;32m    740[0m     [38;5;28;01mpass[39;00m  [38;5;66;03m# key not found[39;00m
[0;32m--> 741[0m v [38;5;241m=[39m [43mfunc[49m[43m([49m[38;5;241;43m*[39;49m[43margs[49m[43m,[49m[43m [49m[38;5;241;43m*[39;49m[38;5;241;43m*[39;49m[43mkwargs[49m[43m)[49m
[1;32m    742[0m [38;5;28;01mtry[39;00m:
[1;32m    743[0m     cache[k] [38;5;241m=[39m v

File [0;32m/opt/envs/allensdk/lib/python3.10/site-packages/caveclient/tools/table_manager.py:267[0m, in [0;36mget_table_info[0;34m(tn, meta, client, allow_types, merge_schema, suffixes)[0m
[1;32m    265[0m     name_ref [38;5;241m=[39m [38;5;28;01mNone[39;00m
[1;32m    266[0m [38;5;28;01melse[39;00m:
[0;32m--> 267[0m     schema [38;5;241m=[39m [43mtable_metadata[49m[43m([49m[43mref_table[49m[43m,[49m[43m [49m[43mclient[49m[43m)[49m[38;5;241m.[39mget([38;5;124m"[39m[38;5;124mschema[39m[38;5;124m"[39m)
[1;32m    268[0m     ref_pts, ref_cols, ref_unbd_pts [38;5;241m=[39m get_col_info(
[1;32m    269[0m         meta[[38;5;124m"[39m[38;5;124mschema[39m[38;5;124m"[39m], client, allow_types[38;5;241m=[39mallow_types, omit_fields[38;5;241m=[39m[[38;5;124m"[39m[38;5;124mtarget_id[39m[38;5;124m"[39m]
[1;32m    270[0m     )
[1;32m    271[0m     name_base [38;5;241m=[39m ref_table

File [0;32m/opt/envs/allensdk/lib/python3.10/site-packages/cachetools/__init__.py:741[0m, in [0;36mcached.<locals>.decorator.<locals>.wrapper[0;34m(*args, **kwargs)[0m
[1;32m    739[0m [38;5;28;01mexcept[39;00m [38;5;167;01mKeyError[39;00m:
[1;32m    740[0m     [38;5;28;01mpass[39;00m  [38;5;66;03m# key not found[39;00m
[0;32m--> 741[0m v [38;5;241m=[39m [43mfunc[49m[43m([49m[38;5;241;43m*[39;49m[43margs[49m[43m,[49m[43m [49m[38;5;241;43m*[39;49m[38;5;241;43m*[39;49m[43mkwargs[49m[43m)[49m
[1;32m    742[0m [38;5;28;01mtry[39;00m:
[1;32m    743[0m     cache[k] [38;5;241m=[39m v

File [0;32m/opt/envs/allensdk/lib/python3.10/site-packages/caveclient/tools/table_manager.py:314[0m, in [0;36mtable_metadata[0;34m(table_name, client, meta)[0m
[1;32m    312[0m     warnings[38;5;241m.[39msimplefilter(action[38;5;241m=[39m[38;5;124m"[39m[38;5;124mignore[39m[38;5;124m"[39m)
[1;32m    313[0m     [38;5;28;01mif[39;00m meta [38;5;129;01mis[39;00m [38;5;28;01mNone[39;00m:
[0;32m--> 314[0m         meta [38;5;241m=[39m [43mclient[49m[38;5;241;43m.[39;49m[43mmaterialize[49m[38;5;241m.[39mget_table_metadata(table_name)
[1;32m    315[0m [38;5;28;01mif[39;00m [38;5;124m"[39m[38;5;124mschema[39m[38;5;124m"[39m [38;5;129;01mnot[39;00m [38;5;129;01min[39;00m meta:
[1;32m    316[0m     meta[[38;5;124m"[39m[38;5;124mschema[39m[38;5;124m"[39m] [38;5;241m=[39m meta[38;5;241m.[39mget([38;5;124m"[39m[38;5;124mschema_type[39m[38;5;124m"[39m)

File [0;32m/opt/envs/allensdk/lib/python3.10/site-packages/caveclient/frameworkclient.py:449[0m, in [0;36mCAVEclientFull.materialize[0;34m(self)[0m
[1;32m    444[0m [38;5;250m[39m[38;5;124;03m"""[39;00m
[1;32m    445[0m [38;5;124;03mA client for the materialization service. See [client.materialize](../client_api/materialize.md)[39;00m
[1;32m    446[0m [38;5;124;03mfor more information.[39;00m
[1;32m    447[0m [38;5;124;03m"""[39;00m
[1;32m    448[0m [38;5;28;01mif[39;00m [38;5;28mself[39m[38;5;241m.[39m_materialize [38;5;129;01mis[39;00m [38;5;28;01mNone[39;00m:
[0;32m--> 449[0m     [38;5;28mself[39m[38;5;241m.[39m_materialize [38;5;241m=[39m [43mMaterializationClient[49m[43m([49m
[1;32m    450[0m [43m        [49m[43mserver_address[49m[38;5;241;43m=[39;49m[38;5;28;43mself[39;49m[38;5;241;43m.[39;49m[43mlocal_server[49m[43m,[49m
[1;32m    451[0m [43m        [49m[43mauth_client[49m[38;5;241;43m=[39;49m[38;5;28;43mself[39;49m[38;5;241;43m.[39;49m[43mauth[49m[43m,[49m
[1;32m    452[0m [43m        [49m[43mdatastack_name[49m[38;5;241;43m=[39;49m[38;5;28;43mself[39;49m[38;5;241;43m.[39;49m[43m_datastack_name[49m[43m,[49m
[1;32m    453[0m [43m        [49m[43msynapse_table[49m[38;5;241;43m=[39;49m[38;5;28;43mself[39;49m[38;5;241;43m.[39;49m[43minfo[49m[38;5;241;43m.[39;49m[43mget_datastack_info[49m[43m([49m[43m)[49m[38;5;241;43m.[39;49m[43mget[49m[43m([49m[38;5;124;43m"[39;49m[38;5;124;43msynapse_table[39;49m[38;5;124;43m"[39;49m[43m,[49m[43m [49m[38;5;28;43;01mNone[39;49;00m[43m)[49m[43m,[49m
[1;32m    454[0m [43m        [49m[43mmax_retries[49m[38;5;241;43m=[39;49m[38;5;28;43mself[39;49m[38;5;241;43m.[39;49m[43m_max_retries[49m[43m,[49m
[1;32m    455[0m [43m        [49m[43mpool_maxsize[49m[38;5;241;43m=[39;49m[38;5;28;43mself[39;49m[38;5;241;43m.[39;49m[43m_pool_maxsize[49m[43m,[49m
[1;32m    456[0m [43m        [49m[43mpool_block[49m[38;5;241;43m=[39;49m[38;5;28;43mself[39;49m[38;5;241;43m.[39;49m[43m_pool_block[49m[43m,[49m
[1;32m    457[0m [43m        [49m[43mover_client[49m[38;5;241;43m=[39;49m[38;5;28;43mself[39;49m[43m,[49m
[1;32m    458[0m [43m        [49m[43mdesired_resolution[49m[38;5;241;43m=[39;49m[38;5;28;43mself[39;49m[38;5;241;43m.[39;49m[43mdesired_resolution[49m[43m,[49m
[1;32m    459[0m [43m    [49m[43m)[49m
[1;32m    460[0m [38;5;28;01mreturn[39;00m [38;5;28mself[39m[38;5;241m.[39m_materialize

File [0;32m/opt/envs/allensdk/lib/python3.10/site-packages/caveclient/materializationengine.py:201[0m, in [0;36mMaterializationClient[0;34m(server_address, datastack_name, auth_client, cg_client, synapse_table, api_version, version, verify, max_retries, pool_maxsize, pool_block, desired_resolution, over_client)[0m
[1;32m    189[0m endpoints, api_version [38;5;241m=[39m _api_endpoints(
[1;32m    190[0m     api_version,
[1;32m    191[0m     SERVER_KEY,
[0;32m   (...)[0m
[1;32m    197[0m     verify[38;5;241m=[39mverify,
[1;32m    198[0m )
[1;32m    200[0m MatClient [38;5;241m=[39m client_mapping[api_version]
[0;32m--> 201[0m [38;5;28;01mreturn[39;00m [43mMatClient[49m[43m([49m
[1;32m    202[0m [43m    [49m[43mserver_address[49m[43m,[49m
[1;32m    203[0m [43m    [49m[43mauth_header[49m[43m,[49m
[1;32m    204[0m [43m    [49m[43mapi_version[49m[43m,[49m
[1;32m    205[0m [43m    [49m[43mendpoints[49m[43m,[49m
[1;32m    206[0m [43m    [49m[43mSERVER_KEY[49m[43m,[49m
[1;32m    207[0m [43m    [49m[43mdatastack_name[49m[43m,[49m
[1;32m    208[0m [43m    [49m[43mcg_client[49m[38;5;241;43m=[39;49m[43mcg_client[49m[43m,[49m
[1;32m    209[0m [43m    [49m[43msynapse_table[49m[38;5;241;43m=[39;49m[43msynapse_table[49m[43m,[49m
[1;32m    210[0m [43m    [49m[43mversion[49m[38;5;241;43m=[39;49m[43mversion[49m[43m,[49m
[1;32m    211[0m [43m    [49m[43mverify[49m[38;5;241;43m=[39;49m[43mverify[49m[43m,[49m
[1;32m    212[0m [43m    [49m[43mmax_retries[49m[38;5;241;43m=[39;49m[43mmax_retries[49m[43m,[49m
[1;32m    213[0m [43m    [49m[43mpool_maxsize[49m[38;5;241;43m=[39;49m[43mpool_maxsize[49m[43m,[49m
[1;32m    214[0m [43m    [49m[43mpool_block[49m[38;5;241;43m=[39;49m[43mpool_block[49m[43m,[49m
[1;32m    215[0m [43m    [49m[43mover_client[49m[38;5;241;43m=[39;49m[43mover_client[49m[43m,[49m
[1;32m    216[0m [43m    [49m[43mdesired_resolution[49m[38;5;241;43m=[39;49m[43mdesired_resolution[49m[43m,[49m
[1;32m    217[0m [43m[49m[43m)[49m

File [0;32m/opt/envs/allensdk/lib/python3.10/site-packages/caveclient/materializationengine.py:1924[0m, in [0;36mMaterializationClientV3.__init__[0;34m(self, *args, **kwargs)[0m
[1;32m   1922[0m [38;5;28;01mif[39;00m [38;5;28mself[39m[38;5;241m.[39mfc [38;5;129;01mis[39;00m [38;5;129;01mnot[39;00m [38;5;28;01mNone[39;00m:
[1;32m   1923[0m     [38;5;28;01mif[39;00m metadata[[38;5;241m0[39m][38;5;241m.[39mresult() [38;5;129;01mis[39;00m [38;5;129;01mnot[39;00m [38;5;28;01mNone[39;00m [38;5;129;01mand[39;00m metadata[[38;5;241m1[39m][38;5;241m.[39mresult() [38;5;129;01mis[39;00m [38;5;129;01mnot[39;00m [38;5;28;01mNone[39;00m:
[0;32m-> 1924[0m         tables [38;5;241m=[39m [43mTableManager[49m[43m([49m
[1;32m   1925[0m [43m            [49m[38;5;28;43mself[39;49m[38;5;241;43m.[39;49m[43mfc[49m[43m,[49m[43m [49m[43mmetadata[49m[43m[[49m[38;5;241;43m0[39;49m[43m][49m[38;5;241;43m.[39;49m[43mresult[49m[43m([49m[43m)[49m[43m,[49m[43m [49m[43mmetadata[49m[43m[[49m[38;5;241;43m1[39;49m[43m][49m[38;5;241;43m.[39;49m[43mresult[49m[43m([49m[43m)[49m
[1;32m   1926[0m [43m        [49m[43m)[49m
[1;32m   1927[0m [38;5;28mself[39m[38;5;241m.[39m_tables [38;5;241m=[39m tables
[1;32m   1928[0m [38;5;28;01mif[39;00m [38;5;28mself[39m[38;5;241m.[39mfc [38;5;129;01mis[39;00m [38;5;129;01mnot[39;00m [38;5;28;01mNone[39;00m:

File [0;32m/opt/envs/allensdk/lib/python3.10/site-packages/caveclient/tools/table_manager.py:669[0m, in [0;36mTableManager.__init__[0;34m(self, client, metadata, schema)[0m
[1;32m    667[0m populate_table_cache(client, metadata[38;5;241m=[39m[38;5;28mself[39m[38;5;241m.[39m_table_metadata)
[1;32m    668[0m [38;5;28;01mfor[39;00m tn [38;5;129;01min[39;00m [38;5;28mself[39m[38;5;241m.[39m_tables:
[0;32m--> 669[0m     [38;5;28msetattr[39m([38;5;28mself[39m, tn, [43mmake_query_filter[49m[43m([49m[43mtn[49m[43m,[49m[43m [49m[38;5;28;43mself[39;49m[38;5;241;43m.[39;49m[43m_table_metadata[49m[43m[[49m[43mtn[49m[43m][49m[43m,[49m[43m [49m[43mclient[49m[43m)[49m)

File [0;32m/opt/envs/allensdk/lib/python3.10/site-packages/caveclient/tools/table_manager.py:623[0m, in [0;36mmake_query_filter[0;34m(table_name, meta, client)[0m
[1;32m    614[0m [38;5;28;01mdef[39;00m [38;5;21mmake_query_filter[39m(table_name, meta, client):
[1;32m    615[0m     (
[1;32m    616[0m         pts,
[1;32m    617[0m         val_cols,
[1;32m    618[0m         all_unbd_pts,
[1;32m    619[0m         table_map,
[1;32m    620[0m         rename_map,
[1;32m    621[0m         table_list,
[1;32m    622[0m         desc,
[0;32m--> 623[0m     ) [38;5;241m=[39m [43mget_table_info[49m[43m([49m[43mtable_name[49m[43m,[49m[43m [49m[43mmeta[49m[43m,[49m[43m [49m[43mclient[49m[43m)[49m
[1;32m    624[0m     class_vals [38;5;241m=[39m make_class_vals(
[1;32m    625[0m         pts, val_cols, all_unbd_pts, table_map, rename_map, table_list
[1;32m    626[0m     )
[1;32m    627[0m     QueryFilter [38;5;241m=[39m attrs[38;5;241m.[39mmake_class(
[1;32m    628[0m         table_name, class_vals, bases[38;5;241m=[39m(make_kwargs_mixin(client),)
[1;32m    629[0m     )

    [0;31m[... skipping similar frames: cached.<locals>.decorator.<locals>.wrapper at line 741 (1 times)][0m

File [0;32m/opt/envs/allensdk/lib/python3.10/site-packages/caveclient/tools/table_manager.py:267[0m, in [0;36mget_table_info[0;34m(tn, meta, client, allow_types, merge_schema, suffixes)[0m
[1;32m    265[0m     name_ref [38;5;241m=[39m [38;5;28;01mNone[39;00m
[1;32m    266[0m [38;5;28;01melse[39;00m:
[0;32m--> 267[0m     schema [38;5;241m=[39m [43mtable_metadata[49m[43m([49m[43mref_table[49m[43m,[49m[43m [49m[43mclient[49m[43m)[49m[38;5;241m.[39mget([38;5;124m"[39m[38;5;124mschema[39m[38;5;124m"[39m)
[1;32m    268[0m     ref_pts, ref_cols, ref_unbd_pts [38;5;241m=[39m get_col_info(
[1;32m    269[0m         meta[[38;5;124m"[39m[38;5;124mschema[39m[38;5;124m"[39m], client, allow_types[38;5;241m=[39mallow_types, omit_fields[38;5;241m=[39m[[38;5;124m"[39m[38;5;124mtarget_id[39m[38;5;124m"[39m]
[1;32m    270[0m     )
[1;32m    271[0m     name_base [38;5;241m=[39m ref_table

    [0;31m[... skipping similar frames: cached.<locals>.decorator.<locals>.wrapper at line 741 (1 times)][0m

File [0;32m/opt/envs/allensdk/lib/python3.10/site-packages/caveclient/tools/table_manager.py:314[0m, in [0;36mtable_metadata[0;34m(table_name, client, meta)[0m
[1;32m    312[0m     warnings[38;5;241m.[39msimplefilter(action[38;5;241m=[39m[38;5;124m"[39m[38;5;124mignore[39m[38;5;124m"[39m)
[1;32m    313[0m     [38;5;28;01mif[39;00m meta [38;5;129;01mis[39;00m [38;5;28;01mNone[39;00m:
[0;32m--> 314[0m         meta [38;5;241m=[39m [43mclient[49m[38;5;241;43m.[39;49m[43mmaterialize[49m[38;5;241m.[39mget_table_metadata(table_name)
[1;32m    315[0m [38;5;28;01mif[39;00m [38;5;124m"[39m[38;5;124mschema[39m[38;5;124m"[39m [38;5;129;01mnot[39;00m [38;5;129;01min[39;00m meta:
[1;32m    316[0m     meta[[38;5;124m"[39m[38;5;124mschema[39m[38;5;124m"[39m] [38;5;241m=[39m meta[38;5;241m.[39mget([38;5;124m"[39m[38;5;124mschema_type[39m[38;5;124m"[39m)

    [0;31m[... skipping similar frames: cached.<locals>.decorator.<locals>.wrapper at line 741 (530 times), MaterializationClient at line 201 (265 times), MaterializationClientV3.__init__ at line 1924 (265 times), TableManager.__init__ at line 669 (265 times), get_table_info at line 267 (265 times), make_query_filter at line 623 (265 times), CAVEclientFull.materialize at line 449 (265 times), table_metadata at line 314 (265 times)][0m

File [0;32m/opt/envs/allensdk/lib/python3.10/site-packages/caveclient/frameworkclient.py:449[0m, in [0;36mCAVEclientFull.materialize[0;34m(self)[0m
[1;32m    444[0m [38;5;250m[39m[38;5;124;03m"""[39;00m
[1;32m    445[0m [38;5;124;03mA client for the materialization service. See [client.materialize](../client_api/materialize.md)[39;00m
[1;32m    446[0m [38;5;124;03mfor more information.[39;00m
[1;32m    447[0m [38;5;124;03m"""[39;00m
[1;32m    448[0m [38;5;28;01mif[39;00m [38;5;28mself[39m[38;5;241m.[39m_materialize [38;5;129;01mis[39;00m [38;5;28;01mNone[39;00m:
[0;32m--> 449[0m     [38;5;28mself[39m[38;5;241m.[39m_materialize [38;5;241m=[39m [43mMaterializationClient[49m[43m([49m
[1;32m    450[0m [43m        [49m[43mserver_address[49m[38;5;241;43m=[39;49m[38;5;28;43mself[39;49m[38;5;241;43m.[39;49m[43mlocal_server[49m[43m,[49m
[1;32m    451[0m [43m        [49m[43mauth_client[49m[38;5;241;43m=[39;49m[38;5;28;43mself[39;49m[38;5;241;43m.[39;49m[43mauth[49m[43m,[49m
[1;32m    452[0m [43m        [49m[43mdatastack_name[49m[38;5;241;43m=[39;49m[38;5;28;43mself[39;49m[38;5;241;43m.[39;49m[43m_datastack_name[49m[43m,[49m
[1;32m    453[0m [43m        [49m[43msynapse_table[49m[38;5;241;43m=[39;49m[38;5;28;43mself[39;49m[38;5;241;43m.[39;49m[43minfo[49m[38;5;241;43m.[39;49m[43mget_datastack_info[49m[43m([49m[43m)[49m[38;5;241;43m.[39;49m[43mget[49m[43m([49m[38;5;124;43m"[39;49m[38;5;124;43msynapse_table[39;49m[38;5;124;43m"[39;49m[43m,[49m[43m [49m[38;5;28;43;01mNone[39;49;00m[43m)[49m[43m,[49m
[1;32m    454[0m [43m        [49m[43mmax_retries[49m[38;5;241;43m=[39;49m[38;5;28;43mself[39;49m[38;5;241;43m.[39;49m[43m_max_retries[49m[43m,[49m
[1;32m    455[0m [43m        [49m[43mpool_maxsize[49m[38;5;241;43m=[39;49m[38;5;28;43mself[39;49m[38;5;241;43m.[39;49m[43m_pool_maxsize[49m[43m,[49m
[1;32m    456[0m [43m        [49m[43mpool_block[49m[38;5;241;43m=[39;49m[38;5;28;43mself[39;49m[38;5;241;43m.[39;49m[43m_pool_block[49m[43m,[49m
[1;32m    457[0m [43m        [49m[43mover_client[49m[38;5;241;43m=[39;49m[38;5;28;43mself[39;49m[43m,[49m
[1;32m    458[0m [43m        [49m[43mdesired_resolution[49m[38;5;241;43m=[39;49m[38;5;28;43mself[39;49m[38;5;241;43m.[39;49m[43mdesired_resolution[49m[43m,[49m
[1;32m    459[0m [43m    [49m[43m)[49m
[1;32m    460[0m [38;5;28;01mreturn[39;00m [38;5;28mself[39m[38;5;241m.[39m_materialize

File [0;32m/opt/envs/allensdk/lib/python3.10/site-packages/caveclient/materializationengine.py:201[0m, in [0;36mMaterializationClient[0;34m(server_address, datastack_name, auth_client, cg_client, synapse_table, api_version, version, verify, max_retries, pool_maxsize, pool_block, desired_resolution, over_client)[0m
[1;32m    189[0m endpoints, api_version [38;5;241m=[39m _api_endpoints(
[1;32m    190[0m     api_version,
[1;32m    191[0m     SERVER_KEY,
[0;32m   (...)[0m
[1;32m    197[0m     verify[38;5;241m=[39mverify,
[1;32m    198[0m )
[1;32m    200[0m MatClient [38;5;241m=[39m client_mapping[api_version]
[0;32m--> 201[0m [38;5;28;01mreturn[39;00m [43mMatClient[49m[43m([49m
[1;32m    202[0m [43m    [49m[43mserver_address[49m[43m,[49m
[1;32m    203[0m [43m    [49m[43mauth_header[49m[43m,[49m
[1;32m    204[0m [43m    [49m[43mapi_version[49m[43m,[49m
[1;32m    205[0m [43m    [49m[43mendpoints[49m[43m,[49m
[1;32m    206[0m [43m    [49m[43mSERVER_KEY[49m[43m,[49m
[1;32m    207[0m [43m    [49m[43mdatastack_name[49m[43m,[49m
[1;32m    208[0m [43m    [49m[43mcg_client[49m[38;5;241;43m=[39;49m[43mcg_client[49m[43m,[49m
[1;32m    209[0m [43m    [49m[43msynapse_table[49m[38;5;241;43m=[39;49m[43msynapse_table[49m[43m,[49m
[1;32m    210[0m [43m    [49m[43mversion[49m[38;5;241;43m=[39;49m[43mversion[49m[43m,[49m
[1;32m    211[0m [43m    [49m[43mverify[49m[38;5;241;43m=[39;49m[43mverify[49m[43m,[49m
[1;32m    212[0m [43m    [49m[43mmax_retries[49m[38;5;241;43m=[39;49m[43mmax_retries[49m[43m,[49m
[1;32m    213[0m [43m    [49m[43mpool_maxsize[49m[38;5;241;43m=[39;49m[43mpool_maxsize[49m[43m,[49m
[1;32m    214[0m [43m    [49m[43mpool_block[49m[38;5;241;43m=[39;49m[43mpool_block[49m[43m,[49m
[1;32m    215[0m [43m    [49m[43mover_client[49m[38;5;241;43m=[39;49m[43mover_client[49m[43m,[49m
[1;32m    216[0m [43m    [49m[43mdesired_resolution[49m[38;5;241;43m=[39;49m[43mdesired_resolution[49m[43m,[49m
[1;32m    217[0m [43m[49m[43m)[49m

File [0;32m/opt/envs/allensdk/lib/python3.10/site-packages/caveclient/materializationengine.py:1924[0m, in [0;36mMaterializationClientV3.__init__[0;34m(self, *args, **kwargs)[0m
[1;32m   1922[0m [38;5;28;01mif[39;00m [38;5;28mself[39m[38;5;241m.[39mfc [38;5;129;01mis[39;00m [38;5;129;01mnot[39;00m [38;5;28;01mNone[39;00m:
[1;32m   1923[0m     [38;5;28;01mif[39;00m metadata[[38;5;241m0[39m][38;5;241m.[39mresult() [38;5;129;01mis[39;00m [38;5;129;01mnot[39;00m [38;5;28;01mNone[39;00m [38;5;129;01mand[39;00m metadata[[38;5;241m1[39m][38;5;241m.[39mresult() [38;5;129;01mis[39;00m [38;5;129;01mnot[39;00m [38;5;28;01mNone[39;00m:
[0;32m-> 1924[0m         tables [38;5;241m=[39m [43mTableManager[49m[43m([49m
[1;32m   1925[0m [43m            [49m[38;5;28;43mself[39;49m[38;5;241;43m.[39;49m[43mfc[49m[43m,[49m[43m [49m[43mmetadata[49m[43m[[49m[38;5;241;43m0[39;49m[43m][49m[38;5;241;43m.[39;49m[43mresult[49m[43m([49m[43m)[49m[43m,[49m[43m [49m[43mmetadata[49m[43m[[49m[38;5;241;43m1[39;49m[43m][49m[38;5;241;43m.[39;49m[43mresult[49m[43m([49m[43m)[49m
[1;32m   1926[0m [43m        [49m[43m)[49m
[1;32m   1927[0m [38;5;28mself[39m[38;5;241m.[39m_tables [38;5;241m=[39m tables
[1;32m   1928[0m [38;5;28;01mif[39;00m [38;5;28mself[39m[38;5;241m.[39mfc [38;5;129;01mis[39;00m [38;5;129;01mnot[39;00m [38;5;28;01mNone[39;00m:

File [0;32m/opt/envs/allensdk/lib/python3.10/site-packages/caveclient/tools/table_manager.py:669[0m, in [0;36mTableManager.__init__[0;34m(self, client, metadata, schema)[0m
[1;32m    667[0m populate_table_cache(client, metadata[38;5;241m=[39m[38;5;28mself[39m[38;5;241m.[39m_table_metadata)
[1;32m    668[0m [38;5;28;01mfor[39;00m tn [38;5;129;01min[39;00m [38;5;28mself[39m[38;5;241m.[39m_tables:
[0;32m--> 669[0m     [38;5;28msetattr[39m([38;5;28mself[39m, tn, [43mmake_query_filter[49m[43m([49m[43mtn[49m[43m,[49m[43m [49m[38;5;28;43mself[39;49m[38;5;241;43m.[39;49m[43m_table_metadata[49m[43m[[49m[43mtn[49m[43m][49m[43m,[49m[43m [49m[43mclient[49m[43m)[49m)

File [0;32m/opt/envs/allensdk/lib/python3.10/site-packages/caveclient/tools/table_manager.py:623[0m, in [0;36mmake_query_filter[0;34m(table_name, meta, client)[0m
[1;32m    614[0m [38;5;28;01mdef[39;00m [38;5;21mmake_query_filter[39m(table_name, meta, client):
[1;32m    615[0m     (
[1;32m    616[0m         pts,
[1;32m    617[0m         val_cols,
[1;32m    618[0m         all_unbd_pts,
[1;32m    619[0m         table_map,
[1;32m    620[0m         rename_map,
[1;32m    621[0m         table_list,
[1;32m    622[0m         desc,
[0;32m--> 623[0m     ) [38;5;241m=[39m [43mget_table_info[49m[43m([49m[43mtable_name[49m[43m,[49m[43m [49m[43mmeta[49m[43m,[49m[43m [49m[43mclient[49m[43m)[49m
[1;32m    624[0m     class_vals [38;5;241m=[39m make_class_vals(
[1;32m    625[0m         pts, val_cols, all_unbd_pts, table_map, rename_map, table_list
[1;32m    626[0m     )
[1;32m    627[0m     QueryFilter [38;5;241m=[39m attrs[38;5;241m.[39mmake_class(
[1;32m    628[0m         table_name, class_vals, bases[38;5;241m=[39m(make_kwargs_mixin(client),)
[1;32m    629[0m     )

    [0;31m[... skipping similar frames: cached.<locals>.decorator.<locals>.wrapper at line 741 (1 times)][0m

File [0;32m/opt/envs/allensdk/lib/python3.10/site-packages/caveclient/tools/table_manager.py:267[0m, in [0;36mget_table_info[0;34m(tn, meta, client, allow_types, merge_schema, suffixes)[0m
[1;32m    265[0m     name_ref [38;5;241m=[39m [38;5;28;01mNone[39;00m
[1;32m    266[0m [38;5;28;01melse[39;00m:
[0;32m--> 267[0m     schema [38;5;241m=[39m [43mtable_metadata[49m[43m([49m[43mref_table[49m[43m,[49m[43m [49m[43mclient[49m[43m)[49m[38;5;241m.[39mget([38;5;124m"[39m[38;5;124mschema[39m[38;5;124m"[39m)
[1;32m    268[0m     ref_pts, ref_cols, ref_unbd_pts [38;5;241m=[39m get_col_info(
[1;32m    269[0m         meta[[38;5;124m"[39m[38;5;124mschema[39m[38;5;124m"[39m], client, allow_types[38;5;241m=[39mallow_types, omit_fields[38;5;241m=[39m[[38;5;124m"[39m[38;5;124mtarget_id[39m[38;5;124m"[39m]
[1;32m    270[0m     )
[1;32m    271[0m     name_base [38;5;241m=[39m ref_table

    [0;31m[... skipping similar frames: cached.<locals>.decorator.<locals>.wrapper at line 741 (1 times)][0m

File [0;32m/opt/envs/allensdk/lib/python3.10/site-packages/caveclient/tools/table_manager.py:314[0m, in [0;36mtable_metadata[0;34m(table_name, client, meta)[0m
[1;32m    312[0m     warnings[38;5;241m.[39msimplefilter(action[38;5;241m=[39m[38;5;124m"[39m[38;5;124mignore[39m[38;5;124m"[39m)
[1;32m    313[0m     [38;5;28;01mif[39;00m meta [38;5;129;01mis[39;00m [38;5;28;01mNone[39;00m:
[0;32m--> 314[0m         meta [38;5;241m=[39m [43mclient[49m[38;5;241;43m.[39;49m[43mmaterialize[49m[38;5;241;43m.[39;49m[43mget_table_metadata[49m[43m([49m[43mtable_name[49m[43m)[49m
[1;32m    315[0m [38;5;28;01mif[39;00m [38;5;124m"[39m[38;5;124mschema[39m[38;5;124m"[39m [38;5;129;01mnot[39;00m [38;5;129;01min[39;00m meta:
[1;32m    316[0m     meta[[38;5;124m"[39m[38;5;124mschema[39m[38;5;124m"[39m] [38;5;241m=[39m meta[38;5;241m.[39mget([38;5;124m"[39m[38;5;124mschema_type[39m[38;5;124m"[39m)

File [0;32m/opt/envs/allensdk/lib/python3.10/site-packages/cachetools/__init__.py:741[0m, in [0;36mcached.<locals>.decorator.<locals>.wrapper[0;34m(*args, **kwargs)[0m
[1;32m    739[0m [38;5;28;01mexcept[39;00m [38;5;167;01mKeyError[39;00m:
[1;32m    740[0m     [38;5;28;01mpass[39;00m  [38;5;66;03m# key not found[39;00m
[0;32m--> 741[0m v [38;5;241m=[39m [43mfunc[49m[43m([49m[38;5;241;43m*[39;49m[43margs[49m[43m,[49m[43m [49m[38;5;241;43m*[39;49m[38;5;241;43m*[39;49m[43mkwargs[49m[43m)[49m
[1;32m    742[0m [38;5;28;01mtry[39;00m:
[1;32m    743[0m     cache[k] [38;5;241m=[39m v

File [0;32m/opt/envs/allensdk/lib/python3.10/site-packages/caveclient/materializationengine.py:519[0m, in [0;36mMaterializationClientV2.get_table_metadata[0;34m(self, table_name, datastack_name, version, log_warning)[0m
[1;32m    517[0m     datastack_name [38;5;241m=[39m [38;5;28mself[39m[38;5;241m.[39mdatastack_name
[1;32m    518[0m [38;5;28;01mif[39;00m version [38;5;129;01mis[39;00m [38;5;28;01mNone[39;00m:
[0;32m--> 519[0m     version [38;5;241m=[39m [38;5;28;43mself[39;49m[38;5;241;43m.[39;49m[43mversion[49m
[1;32m    520[0m endpoint_mapping [38;5;241m=[39m [38;5;28mself[39m[38;5;241m.[39mdefault_url_mapping
[1;32m    521[0m endpoint_mapping[[38;5;124m"[39m[38;5;124mdatastack_name[39m[38;5;124m"[39m] [38;5;241m=[39m datastack_name

File [0;32m/opt/envs/allensdk/lib/python3.10/site-packages/caveclient/materializationengine.py:280[0m, in [0;36mMaterializationClientV2.version[0;34m(self)[0m
[1;32m    276[0m [38;5;250m[39m[38;5;124;03m"""The version of the materialization. Can be used to set up the[39;00m
[1;32m    277[0m [38;5;124;03mclient to default to a specific version when timestamps or versions are not[39;00m
[1;32m    278[0m [38;5;124;03mspecified in queries. If not set, defaults to the most recent version."""[39;00m
[1;32m    279[0m [38;5;28;01mif[39;00m [38;5;28mself[39m[38;5;241m.[39m_version [38;5;129;01mis[39;00m [38;5;28;01mNone[39;00m:
[0;32m--> 280[0m     [38;5;28mself[39m[38;5;241m.[39m_version [38;5;241m=[39m [38;5;28;43mself[39;49m[38;5;241;43m.[39;49m[43mmost_recent_version[49m[43m([49m[43m)[49m
[1;32m    281[0m [38;5;28;01mreturn[39;00m [38;5;28mself[39m[38;5;241m.[39m_version

File [0;32m/opt/envs/allensdk/lib/python3.10/site-packages/caveclient/materializationengine.py:335[0m, in [0;36mMaterializationClientV2.most_recent_version[0;34m(self, datastack_name)[0m
[1;32m    318[0m [38;5;28;01mdef[39;00m [38;5;21mmost_recent_version[39m([38;5;28mself[39m, datastack_name[38;5;241m=[39m[38;5;28;01mNone[39;00m) [38;5;241m-[39m[38;5;241m>[39m [38;5;28mint[39m:
[1;32m    319[0m [38;5;250m    [39m[38;5;124;03m"""[39;00m
[1;32m    320[0m [38;5;124;03m    Get the most recent version of materialization for this datastack name[39;00m
[1;32m    321[0m 
[0;32m   (...)[0m
[1;32m    332[0m [38;5;124;03m        Most recent version of materialization for this datastack name[39;00m
[1;32m    333[0m [38;5;124;03m    """[39;00m
[0;32m--> 335[0m     versions [38;5;241m=[39m [38;5;28;43mself[39;49m[38;5;241;43m.[39;49m[43mget_versions[49m[43m([49m[43mdatastack_name[49m[38;5;241;43m=[39;49m[43mdatastack_name[49m[43m)[49m
[1;32m    336[0m     [38;5;28;01mreturn[39;00m np[38;5;241m.[39mmax(np[38;5;241m.[39marray(versions))

File [0;32m/opt/envs/allensdk/lib/python3.10/site-packages/caveclient/materializationengine.py:360[0m, in [0;36mMaterializationClientV2.get_versions[0;34m(self, datastack_name, expired)[0m
[1;32m    358[0m url [38;5;241m=[39m [38;5;28mself[39m[38;5;241m.[39m_endpoints[[38;5;124m"[39m[38;5;124mversions[39m[38;5;124m"[39m][38;5;241m.[39mformat_map(endpoint_mapping)
[1;32m    359[0m query_args [38;5;241m=[39m {[38;5;124m"[39m[38;5;124mexpired[39m[38;5;124m"[39m: expired}
[0;32m--> 360[0m response [38;5;241m=[39m [38;5;28;43mself[39;49m[38;5;241;43m.[39;49m[43msession[49m[38;5;241;43m.[39;49m[43mget[49m[43m([49m[43murl[49m[43m,[49m[43m [49m[43mparams[49m[38;5;241;43m=[39;49m[43mquery_args[49m[43m)[49m
[1;32m    361[0m [38;5;28mself[39m[38;5;241m.[39mraise_for_status(response)
[1;32m    362[0m [38;5;28;01mreturn[39;00m response[38;5;241m.[39mjson()

File [0;32m/opt/envs/allensdk/lib/python3.10/site-packages/requests/sessions.py:602[0m, in [0;36mSession.get[0;34m(self, url, **kwargs)[0m
[1;32m    594[0m [38;5;250m[39m[38;5;124mr[39m[38;5;124;03m"""Sends a GET request. Returns :class:`Response` object.[39;00m
[1;32m    595[0m 
[1;32m    596[0m [38;5;124;03m:param url: URL for the new :class:`Request` object.[39;00m
[1;32m    597[0m [38;5;124;03m:param \*\*kwargs: Optional arguments that ``request`` takes.[39;00m
[1;32m    598[0m [38;5;124;03m:rtype: requests.Response[39;00m
[1;32m    599[0m [38;5;124;03m"""[39;00m
[1;32m    601[0m kwargs[38;5;241m.[39msetdefault([38;5;124m"[39m[38;5;124mallow_redirects[39m[38;5;124m"[39m, [38;5;28;01mTrue[39;00m)
[0;32m--> 602[0m [38;5;28;01mreturn[39;00m [38;5;28;43mself[39;49m[38;5;241;43m.[39;49m[43mrequest[49m[43m([49m[38;5;124;43m"[39;49m[38;5;124;43mGET[39;49m[38;5;124;43m"[39;49m[43m,[49m[43m [49m[43murl[49m[43m,[49m[43m [49m[38;5;241;43m*[39;49m[38;5;241;43m*[39;49m[43mkwargs[49m[43m)[49m

File [0;32m/opt/envs/allensdk/lib/python3.10/site-packages/requests/sessions.py:589[0m, in [0;36mSession.request[0;34m(self, method, url, params, data, headers, cookies, files, auth, timeout, allow_redirects, proxies, hooks, stream, verify, cert, json)[0m
[1;32m    584[0m send_kwargs [38;5;241m=[39m {
[1;32m    585[0m     [38;5;124m"[39m[38;5;124mtimeout[39m[38;5;124m"[39m: timeout,
[1;32m    586[0m     [38;5;124m"[39m[38;5;124mallow_redirects[39m[38;5;124m"[39m: allow_redirects,
[1;32m    587[0m }
[1;32m    588[0m send_kwargs[38;5;241m.[39mupdate(settings)
[0;32m--> 589[0m resp [38;5;241m=[39m [38;5;28;43mself[39;49m[38;5;241;43m.[39;49m[43msend[49m[43m([49m[43mprep[49m[43m,[49m[43m [49m[38;5;241;43m*[39;49m[38;5;241;43m*[39;49m[43msend_kwargs[49m[43m)[49m
[1;32m    591[0m [38;5;28;01mreturn[39;00m resp

File [0;32m/opt/envs/allensdk/lib/python3.10/site-packages/requests/sessions.py:703[0m, in [0;36mSession.send[0;34m(self, request, **kwargs)[0m
[1;32m    700[0m start [38;5;241m=[39m preferred_clock()
[1;32m    702[0m [38;5;66;03m# Send the request[39;00m
[0;32m--> 703[0m r [38;5;241m=[39m [43madapter[49m[38;5;241;43m.[39;49m[43msend[49m[43m([49m[43mrequest[49m[43m,[49m[43m [49m[38;5;241;43m*[39;49m[38;5;241;43m*[39;49m[43mkwargs[49m[43m)[49m
[1;32m    705[0m [38;5;66;03m# Total elapsed time of the request (approximately)[39;00m
[1;32m    706[0m elapsed [38;5;241m=[39m preferred_clock() [38;5;241m-[39m start

File [0;32m/opt/envs/allensdk/lib/python3.10/site-packages/requests/adapters.py:667[0m, in [0;36mHTTPAdapter.send[0;34m(self, request, stream, timeout, verify, cert, proxies)[0m
[1;32m    664[0m     timeout [38;5;241m=[39m TimeoutSauce(connect[38;5;241m=[39mtimeout, read[38;5;241m=[39mtimeout)
[1;32m    666[0m [38;5;28;01mtry[39;00m:
[0;32m--> 667[0m     resp [38;5;241m=[39m [43mconn[49m[38;5;241;43m.[39;49m[43murlopen[49m[43m([49m
[1;32m    668[0m [43m        [49m[43mmethod[49m[38;5;241;43m=[39;49m[43mrequest[49m[38;5;241;43m.[39;49m[43mmethod[49m[43m,[49m
[1;32m    669[0m [43m        [49m[43murl[49m[38;5;241;43m=[39;49m[43murl[49m[43m,[49m
[1;32m    670[0m [43m        [49m[43mbody[49m[38;5;241;43m=[39;49m[43mrequest[49m[38;5;241;43m.[39;49m[43mbody[49m[43m,[49m
[1;32m    671[0m [43m        [49m[43mheaders[49m[38;5;241;43m=[39;49m[43mrequest[49m[38;5;241;43m.[39;49m[43mheaders[49m[43m,[49m
[1;32m    672[0m [43m        [49m[43mredirect[49m[38;5;241;43m=[39;49m[38;5;28;43;01mFalse[39;49;00m[43m,[49m
[1;32m    673[0m [43m        [49m[43massert_same_host[49m[38;5;241;43m=[39;49m[38;5;28;43;01mFalse[39;49;00m[43m,[49m
[1;32m    674[0m [43m        [49m[43mpreload_content[49m[38;5;241;43m=[39;49m[38;5;28;43;01mFalse[39;49;00m[43m,[49m
[1;32m    675[0m [43m        [49m[43mdecode_content[49m[38;5;241;43m=[39;49m[38;5;28;43;01mFalse[39;49;00m[43m,[49m
[1;32m    676[0m [43m        [49m[43mretries[49m[38;5;241;43m=[39;49m[38;5;28;43mself[39;49m[38;5;241;43m.[39;49m[43mmax_retries[49m[43m,[49m
[1;32m    677[0m [43m        [49m[43mtimeout[49m[38;5;241;43m=[39;49m[43mtimeout[49m[43m,[49m
[1;32m    678[0m [43m        [49m[43mchunked[49m[38;5;241;43m=[39;49m[43mchunked[49m[43m,[49m
[1;32m    679[0m [43m    [49m[43m)[49m
[1;32m    681[0m [38;5;28;01mexcept[39;00m (ProtocolError, [38;5;167;01mOSError[39;00m) [38;5;28;01mas[39;00m err:
[1;32m    682[0m     [38;5;28;01mraise[39;00m [38;5;167;01mConnectionError[39;00m(err, request[38;5;241m=[39mrequest)

File [0;32m/opt/envs/allensdk/lib/python3.10/site-packages/urllib3/connectionpool.py:789[0m, in [0;36mHTTPConnectionPool.urlopen[0;34m(self, method, url, body, headers, retries, redirect, assert_same_host, timeout, pool_timeout, release_conn, chunked, body_pos, preload_content, decode_content, **response_kw)[0m
[1;32m    786[0m response_conn [38;5;241m=[39m conn [38;5;28;01mif[39;00m [38;5;129;01mnot[39;00m release_conn [38;5;28;01melse[39;00m [38;5;28;01mNone[39;00m
[1;32m    788[0m [38;5;66;03m# Make the request on the HTTPConnection object[39;00m
[0;32m--> 789[0m response [38;5;241m=[39m [38;5;28;43mself[39;49m[38;5;241;43m.[39;49m[43m_make_request[49m[43m([49m
[1;32m    790[0m [43m    [49m[43mconn[49m[43m,[49m
[1;32m    791[0m [43m    [49m[43mmethod[49m[43m,[49m
[1;32m    792[0m [43m    [49m[43murl[49m[43m,[49m
[1;32m    793[0m [43m    [49m[43mtimeout[49m[38;5;241;43m=[39;49m[43mtimeout_obj[49m[43m,[49m
[1;32m    794[0m [43m    [49m[43mbody[49m[38;5;241;43m=[39;49m[43mbody[49m[43m,[49m
[1;32m    795[0m [43m    [49m[43mheaders[49m[38;5;241;43m=[39;49m[43mheaders[49m[43m,[49m
[1;32m    796[0m [43m    [49m[43mchunked[49m[38;5;241;43m=[39;49m[43mchunked[49m[43m,[49m
[1;32m    797[0m [43m    [49m[43mretries[49m[38;5;241;43m=[39;49m[43mretries[49m[43m,[49m
[1;32m    798[0m [43m    [49m[43mresponse_conn[49m[38;5;241;43m=[39;49m[43mresponse_conn[49m[43m,[49m
[1;32m    799[0m [43m    [49m[43mpreload_content[49m[38;5;241;43m=[39;49m[43mpreload_content[49m[43m,[49m
[1;32m    800[0m [43m    [49m[43mdecode_content[49m[38;5;241;43m=[39;49m[43mdecode_content[49m[43m,[49m
[1;32m    801[0m [43m    [49m[38;5;241;43m*[39;49m[38;5;241;43m*[39;49m[43mresponse_kw[49m[43m,[49m
[1;32m    802[0m [43m[49m[43m)[49m
[1;32m    804[0m [38;5;66;03m# Everything went great![39;00m
[1;32m    805[0m clean_exit [38;5;241m=[39m [38;5;28;01mTrue[39;00m

File [0;32m/opt/envs/allensdk/lib/python3.10/site-packages/urllib3/connectionpool.py:536[0m, in [0;36mHTTPConnectionPool._make_request[0;34m(self, conn, method, url, body, headers, retries, timeout, chunked, response_conn, preload_content, decode_content, enforce_content_length)[0m
[1;32m    534[0m [38;5;66;03m# Receive the response from the server[39;00m
[1;32m    535[0m [38;5;28;01mtry[39;00m:
[0;32m--> 536[0m     response [38;5;241m=[39m [43mconn[49m[38;5;241;43m.[39;49m[43mgetresponse[49m[43m([49m[43m)[49m
[1;32m    537[0m [38;5;28;01mexcept[39;00m (BaseSSLError, [38;5;167;01mOSError[39;00m) [38;5;28;01mas[39;00m e:
[1;32m    538[0m     [38;5;28mself[39m[38;5;241m.[39m_raise_timeout(err[38;5;241m=[39me, url[38;5;241m=[39murl, timeout_value[38;5;241m=[39mread_timeout)

File [0;32m/opt/envs/allensdk/lib/python3.10/site-packages/urllib3/connection.py:507[0m, in [0;36mHTTPConnection.getresponse[0;34m(self)[0m
[1;32m    504[0m [38;5;28;01mfrom[39;00m [38;5;21;01m.[39;00m[38;5;21;01mresponse[39;00m [38;5;28;01mimport[39;00m HTTPResponse
[1;32m    506[0m [38;5;66;03m# Get the response from http.client.HTTPConnection[39;00m
[0;32m--> 507[0m httplib_response [38;5;241m=[39m [38;5;28;43msuper[39;49m[43m([49m[43m)[49m[38;5;241;43m.[39;49m[43mgetresponse[49m[43m([49m[43m)[49m
[1;32m    509[0m [38;5;28;01mtry[39;00m:
[1;32m    510[0m     assert_header_parsing(httplib_response[38;5;241m.[39mmsg)

File [0;32m/opt/conda/lib/python3.10/http/client.py:1375[0m, in [0;36mHTTPConnection.getresponse[0;34m(self)[0m
[1;32m   1373[0m [38;5;28;01mtry[39;00m:
[1;32m   1374[0m     [38;5;28;01mtry[39;00m:
[0;32m-> 1375[0m         [43mresponse[49m[38;5;241;43m.[39;49m[43mbegin[49m[43m([49m[43m)[49m
[1;32m   1376[0m     [38;5;28;01mexcept[39;00m [38;5;167;01mConnectionError[39;00m:
[1;32m   1377[0m         [38;5;28mself[39m[38;5;241m.[39mclose()

File [0;32m/opt/conda/lib/python3.10/http/client.py:337[0m, in [0;36mHTTPResponse.begin[0;34m(self)[0m
[1;32m    334[0m [38;5;28;01melse[39;00m:
[1;32m    335[0m     [38;5;28;01mraise[39;00m UnknownProtocol(version)
[0;32m--> 337[0m [38;5;28mself[39m[38;5;241m.[39mheaders [38;5;241m=[39m [38;5;28mself[39m[38;5;241m.[39mmsg [38;5;241m=[39m [43mparse_headers[49m[43m([49m[38;5;28;43mself[39;49m[38;5;241;43m.[39;49m[43mfp[49m[43m)[49m
[1;32m    339[0m [38;5;28;01mif[39;00m [38;5;28mself[39m[38;5;241m.[39mdebuglevel [38;5;241m>[39m [38;5;241m0[39m:
[1;32m    340[0m     [38;5;28;01mfor[39;00m hdr, val [38;5;129;01min[39;00m [38;5;28mself[39m[38;5;241m.[39mheaders[38;5;241m.[39mitems():

File [0;32m/opt/conda/lib/python3.10/http/client.py:236[0m, in [0;36mparse_headers[0;34m(fp, _class)[0m
[1;32m    234[0m headers [38;5;241m=[39m _read_headers(fp)
[1;32m    235[0m hstring [38;5;241m=[39m [38;5;124mb[39m[38;5;124m'[39m[38;5;124m'[39m[38;5;241m.[39mjoin(headers)[38;5;241m.[39mdecode([38;5;124m'[39m[38;5;124miso-8859-1[39m[38;5;124m'[39m)
[0;32m--> 236[0m [38;5;28;01mreturn[39;00m [43memail[49m[38;5;241;43m.[39;49m[43mparser[49m[38;5;241;43m.[39;49m[43mParser[49m[43m([49m[43m_class[49m[38;5;241;43m=[39;49m[43m_class[49m[43m)[49m[38;5;241;43m.[39;49m[43mparsestr[49m[43m([49m[43mhstring[49m[43m)[49m

File [0;32m/opt/conda/lib/python3.10/email/parser.py:67[0m, in [0;36mParser.parsestr[0;34m(self, text, headersonly)[0m
[1;32m     59[0m [38;5;28;01mdef[39;00m [38;5;21mparsestr[39m([38;5;28mself[39m, text, headersonly[38;5;241m=[39m[38;5;28;01mFalse[39;00m):
[1;32m     60[0m [38;5;250m    [39m[38;5;124;03m"""Create a message structure from a string.[39;00m
[1;32m     61[0m 
[1;32m     62[0m [38;5;124;03m    Returns the root of the message structure.  Optional headersonly is a[39;00m
[0;32m   (...)[0m
[1;32m     65[0m [38;5;124;03m    the file.[39;00m
[1;32m     66[0m [38;5;124;03m    """[39;00m
[0;32m---> 67[0m     [38;5;28;01mreturn[39;00m [38;5;28;43mself[39;49m[38;5;241;43m.[39;49m[43mparse[49m[43m([49m[43mStringIO[49m[43m([49m[43mtext[49m[43m)[49m[43m,[49m[43m [49m[43mheadersonly[49m[38;5;241;43m=[39;49m[43mheadersonly[49m[43m)[49m

File [0;32m/opt/conda/lib/python3.10/email/parser.py:56[0m, in [0;36mParser.parse[0;34m(self, fp, headersonly)[0m
[1;32m     54[0m     [38;5;28;01mif[39;00m [38;5;129;01mnot[39;00m data:
[1;32m     55[0m         [38;5;28;01mbreak[39;00m
[0;32m---> 56[0m     [43mfeedparser[49m[38;5;241;43m.[39;49m[43mfeed[49m[43m([49m[43mdata[49m[43m)[49m
[1;32m     57[0m [38;5;28;01mreturn[39;00m feedparser[38;5;241m.[39mclose()

File [0;32m/opt/conda/lib/python3.10/email/feedparser.py:176[0m, in [0;36mFeedParser.feed[0;34m(self, data)[0m
[1;32m    174[0m [38;5;250m[39m[38;5;124;03m"""Push more data into the parser."""[39;00m
[1;32m    175[0m [38;5;28mself[39m[38;5;241m.[39m_input[38;5;241m.[39mpush(data)
[0;32m--> 176[0m [38;5;28;43mself[39;49m[38;5;241;43m.[39;49m[43m_call_parse[49m[43m([49m[43m)[49m

File [0;32m/opt/conda/lib/python3.10/email/feedparser.py:180[0m, in [0;36mFeedParser._call_parse[0;34m(self)[0m
[1;32m    178[0m [38;5;28;01mdef[39;00m [38;5;21m_call_parse[39m([38;5;28mself[39m):
[1;32m    179[0m     [38;5;28;01mtry[39;00m:
[0;32m--> 180[0m         [38;5;28;43mself[39;49m[38;5;241;43m.[39;49m[43m_parse[49m[43m([49m[43m)[49m
[1;32m    181[0m     [38;5;28;01mexcept[39;00m [38;5;167;01mStopIteration[39;00m:
[1;32m    182[0m         [38;5;28;01mpass[39;00m

File [0;32m/opt/conda/lib/python3.10/email/feedparser.py:256[0m, in [0;36mFeedParser._parsegen[0;34m(self)[0m
[1;32m    254[0m     [38;5;28mself[39m[38;5;241m.[39m_cur[38;5;241m.[39mset_payload(EMPTYSTRING[38;5;241m.[39mjoin(lines))
[1;32m    255[0m     [38;5;28;01mreturn[39;00m
[0;32m--> 256[0m [38;5;28;01mif[39;00m [38;5;28;43mself[39;49m[38;5;241;43m.[39;49m[43m_cur[49m[38;5;241;43m.[39;49m[43mget_content_type[49m[43m([49m[43m)[49m [38;5;241m==[39m [38;5;124m'[39m[38;5;124mmessage/delivery-status[39m[38;5;124m'[39m:
[1;32m    257[0m     [38;5;66;03m# message/delivery-status contains blocks of headers separated by[39;00m
[1;32m    258[0m     [38;5;66;03m# a blank line.  We'll represent each header block as a separate[39;00m
[1;32m    259[0m     [38;5;66;03m# nested message object, but the processing is a bit different[39;00m
[1;32m    260[0m     [38;5;66;03m# than standard message/* types because there is no body for the[39;00m
[1;32m    261[0m     [38;5;66;03m# nested messages.  A blank line separates the subparts.[39;00m
[1;32m    262[0m     [38;5;28;01mwhile[39;00m [38;5;28;01mTrue[39;00m:
[1;32m    263[0m         [38;5;28mself[39m[38;5;241m.[39m_input[38;5;241m.[39mpush_eof_matcher(NLCRE[38;5;241m.[39mmatch)

File [0;32m/opt/conda/lib/python3.10/email/message.py:578[0m, in [0;36mMessage.get_content_type[0;34m(self)[0m
[1;32m    565[0m [38;5;250m[39m[38;5;124;03m"""Return the message's content type.[39;00m
[1;32m    566[0m 
[1;32m    567[0m [38;5;124;03mThe returned string is coerced to lower case of the form[39;00m
[0;32m   (...)[0m
[1;32m    575[0m [38;5;124;03mmessage/rfc822.[39;00m
[1;32m    576[0m [38;5;124;03m"""[39;00m
[1;32m    577[0m missing [38;5;241m=[39m [38;5;28mobject[39m()
[0;32m--> 578[0m value [38;5;241m=[39m [38;5;28;43mself[39;49m[38;5;241;43m.[39;49m[43mget[49m[43m([49m[38;5;124;43m'[39;49m[38;5;124;43mcontent-type[39;49m[38;5;124;43m'[39;49m[43m,[49m[43m [49m[43mmissing[49m[43m)[49m
[1;32m    579[0m [38;5;28;01mif[39;00m value [38;5;129;01mis[39;00m missing:
[1;32m    580[0m     [38;5;66;03m# This should have no parameters[39;00m
[1;32m    581[0m     [38;5;28;01mreturn[39;00m [38;5;28mself[39m[38;5;241m.[39mget_default_type()

File [0;32m/opt/conda/lib/python3.10/email/message.py:471[0m, in [0;36mMessage.get[0;34m(self, name, failobj)[0m
[1;32m    469[0m [38;5;28;01mfor[39;00m k, v [38;5;129;01min[39;00m [38;5;28mself[39m[38;5;241m.[39m_headers:
[1;32m    470[0m     [38;5;28;01mif[39;00m k[38;5;241m.[39mlower() [38;5;241m==[39m name:
[0;32m--> 471[0m         [38;5;28;01mreturn[39;00m [38;5;28;43mself[39;49m[38;5;241;43m.[39;49m[43mpolicy[49m[38;5;241;43m.[39;49m[43mheader_fetch_parse[49m[43m([49m[43mk[49m[43m,[49m[43m [49m[43mv[49m[43m)[49m
[1;32m    472[0m [38;5;28;01mreturn[39;00m failobj

File [0;32m/opt/conda/lib/python3.10/email/_policybase.py:316[0m, in [0;36mCompat32.header_fetch_parse[0;34m(self, name, value)[0m
[1;32m    311[0m [38;5;28;01mdef[39;00m [38;5;21mheader_fetch_parse[39m([38;5;28mself[39m, name, value):
[1;32m    312[0m [38;5;250m    [39m[38;5;124;03m"""+[39;00m
[1;32m    313[0m [38;5;124;03m    If the value contains binary data, it is converted into a Header object[39;00m
[1;32m    314[0m [38;5;124;03m    using the unknown-8bit charset.  Otherwise it is returned unmodified.[39;00m
[1;32m    315[0m [38;5;124;03m    """[39;00m
[0;32m--> 316[0m     [38;5;28;01mreturn[39;00m [38;5;28;43mself[39;49m[38;5;241;43m.[39;49m[43m_sanitize_header[49m[43m([49m[43mname[49m[43m,[49m[43m [49m[43mvalue[49m[43m)[49m

[0;31mRecursionError[0m: maximum recursion depth exceeded

