Traceback (most recent call last):
  File "/opt/conda/lib/python3.10/site-packages/jupyter_cache/executors/utils.py", line 58, in single_nb_execution
    executenb(
  File "/opt/conda/lib/python3.10/site-packages/nbclient/client.py", line 1305, in execute
    return NotebookClient(nb=nb, resources=resources, km=km, **kwargs).execute()
  File "/opt/conda/lib/python3.10/site-packages/jupyter_core/utils/__init__.py", line 166, in wrapped
    return loop.run_until_complete(inner)
  File "/opt/conda/lib/python3.10/asyncio/base_events.py", line 649, in run_until_complete
    return future.result()
  File "/opt/conda/lib/python3.10/site-packages/nbclient/client.py", line 705, in async_execute
    await self.async_execute_cell(
  File "/opt/conda/lib/python3.10/site-packages/nbclient/client.py", line 1058, in async_execute_cell
    await self._check_raise_for_error(cell, cell_index, exec_reply)
  File "/opt/conda/lib/python3.10/site-packages/nbclient/client.py", line 914, in _check_raise_for_error
    raise CellExecutionError.from_cell_and_msg(cell, exec_reply_content)
nbclient.exceptions.CellExecutionError: An error occurred while executing the following cell:
------------------
from meshparty import meshwork
nrn = meshwork.load_meshwork('data/864691134940133219_skel.h5')
nrn.anno.post_syn.df.head()
------------------


[0;31m---------------------------------------------------------------------------[0m
[0;31mFileNotFoundError[0m                         Traceback (most recent call last)
Cell [0;32mIn[2], line 2[0m
[1;32m      1[0m [38;5;28;01mfrom[39;00m [38;5;21;01mmeshparty[39;00m [38;5;28;01mimport[39;00m meshwork
[0;32m----> 2[0m nrn [38;5;241m=[39m [43mmeshwork[49m[38;5;241;43m.[39;49m[43mload_meshwork[49m[43m([49m[38;5;124;43m'[39;49m[38;5;124;43mdata/864691134940133219_skel.h5[39;49m[38;5;124;43m'[39;49m[43m)[49m
[1;32m      3[0m nrn[38;5;241m.[39manno[38;5;241m.[39mpost_syn[38;5;241m.[39mdf[38;5;241m.[39mhead()

File [0;32m/opt/envs/allensdk/lib/python3.8/site-packages/meshparty/meshwork/meshwork.py:1680[0m, in [0;36mload_meshwork[0;34m(filename)[0m
[1;32m   1667[0m [38;5;28;01mdef[39;00m [38;5;21mload_meshwork[39m(filename):
[1;32m   1668[0m [38;5;250m    [39m[38;5;124;03m"""Loads meshwork file from an hdf5 file.[39;00m
[1;32m   1669[0m 
[1;32m   1670[0m [38;5;124;03m    Parameters[39;00m
[0;32m   (...)[0m
[1;32m   1678[0m [38;5;124;03m        Meshwork object from file[39;00m
[1;32m   1679[0m [38;5;124;03m    """[39;00m
[0;32m-> 1680[0m     meta, mesh, skel, annos, mask [38;5;241m=[39m [43mmeshwork_io[49m[38;5;241;43m.[39;49m[43m_load_meshwork[49m[43m([49m[43mfilename[49m[43m)[49m
[1;32m   1681[0m     mw [38;5;241m=[39m Meshwork(
[1;32m   1682[0m         mesh,
[1;32m   1683[0m         skeleton[38;5;241m=[39mskel,
[1;32m   1684[0m         seg_id[38;5;241m=[39mmeta[38;5;241m.[39mget([38;5;124m"[39m[38;5;124mseg_id[39m[38;5;124m"[39m, [38;5;28;01mNone[39;00m),
[1;32m   1685[0m         voxel_resolution[38;5;241m=[39mmeta[38;5;241m.[39mget([38;5;124m"[39m[38;5;124mvoxel_resolution[39m[38;5;124m"[39m, DEFAULT_VOXEL_RESOLUTION),
[1;32m   1686[0m     )
[1;32m   1687[0m     [38;5;28;01mfor[39;00m name, data [38;5;129;01min[39;00m annos[38;5;241m.[39mitems():

File [0;32m/opt/envs/allensdk/lib/python3.8/site-packages/meshparty/meshwork/meshwork_io.py:255[0m, in [0;36m_load_meshwork[0;34m(filename)[0m
[1;32m    254[0m [38;5;28;01mdef[39;00m [38;5;21m_load_meshwork[39m(filename):
[0;32m--> 255[0m     meta [38;5;241m=[39m [43mload_meshwork_metadata[49m[43m([49m[43mfilename[49m[43m)[49m
[1;32m    256[0m     version [38;5;241m=[39m meta[38;5;241m.[39mget([38;5;124m"[39m[38;5;124mversion[39m[38;5;124m"[39m)
[1;32m    257[0m     mesh, mask [38;5;241m=[39m load_meshwork_mesh(filename, version[38;5;241m=[39mversion)

File [0;32m/opt/envs/allensdk/lib/python3.8/site-packages/meshparty/meshwork/meshwork_io.py:28[0m, in [0;36mload_meshwork_metadata[0;34m(filename)[0m
[1;32m     26[0m [38;5;28;01mdef[39;00m [38;5;21mload_meshwork_metadata[39m(filename):
[1;32m     27[0m     meta [38;5;241m=[39m {}
[0;32m---> 28[0m     [38;5;28;01mwith[39;00m [43mh5py[49m[38;5;241;43m.[39;49m[43mFile[49m[43m([49m[43mfilename[49m[43m,[49m[43m [49m[38;5;124;43m"[39;49m[38;5;124;43mr[39;49m[38;5;124;43m"[39;49m[43m)[49m [38;5;28;01mas[39;00m f:
[1;32m     29[0m         meta[[38;5;124m"[39m[38;5;124mseg_id[39m[38;5;124m"[39m] [38;5;241m=[39m f[38;5;241m.[39mattrs[38;5;241m.[39mget([38;5;124m"[39m[38;5;124mseg_id[39m[38;5;124m"[39m, [38;5;28;01mNone[39;00m)
[1;32m     30[0m         meta[[38;5;124m"[39m[38;5;124mvoxel_resolution[39m[38;5;124m"[39m] [38;5;241m=[39m f[38;5;241m.[39mattrs[38;5;241m.[39mget([38;5;124m"[39m[38;5;124mvoxel_resolution[39m[38;5;124m"[39m, [38;5;28;01mNone[39;00m)

File [0;32m/opt/envs/allensdk/lib/python3.8/site-packages/h5py/_hl/files.py:567[0m, in [0;36mFile.__init__[0;34m(self, name, mode, driver, libver, userblock_size, swmr, rdcc_nslots, rdcc_nbytes, rdcc_w0, track_order, fs_strategy, fs_persist, fs_threshold, fs_page_size, page_buf_size, min_meta_keep, min_raw_keep, locking, alignment_threshold, alignment_interval, meta_block_size, **kwds)[0m
[1;32m    558[0m     fapl [38;5;241m=[39m make_fapl(driver, libver, rdcc_nslots, rdcc_nbytes, rdcc_w0,
[1;32m    559[0m                      locking, page_buf_size, min_meta_keep, min_raw_keep,
[1;32m    560[0m                      alignment_threshold[38;5;241m=[39malignment_threshold,
[1;32m    561[0m                      alignment_interval[38;5;241m=[39malignment_interval,
[1;32m    562[0m                      meta_block_size[38;5;241m=[39mmeta_block_size,
[1;32m    563[0m                      [38;5;241m*[39m[38;5;241m*[39mkwds)
[1;32m    564[0m     fcpl [38;5;241m=[39m make_fcpl(track_order[38;5;241m=[39mtrack_order, fs_strategy[38;5;241m=[39mfs_strategy,
[1;32m    565[0m                      fs_persist[38;5;241m=[39mfs_persist, fs_threshold[38;5;241m=[39mfs_threshold,
[1;32m    566[0m                      fs_page_size[38;5;241m=[39mfs_page_size)
[0;32m--> 567[0m     fid [38;5;241m=[39m [43mmake_fid[49m[43m([49m[43mname[49m[43m,[49m[43m [49m[43mmode[49m[43m,[49m[43m [49m[43muserblock_size[49m[43m,[49m[43m [49m[43mfapl[49m[43m,[49m[43m [49m[43mfcpl[49m[43m,[49m[43m [49m[43mswmr[49m[38;5;241;43m=[39;49m[43mswmr[49m[43m)[49m
[1;32m    569[0m [38;5;28;01mif[39;00m [38;5;28misinstance[39m(libver, [38;5;28mtuple[39m):
[1;32m    570[0m     [38;5;28mself[39m[38;5;241m.[39m_libver [38;5;241m=[39m libver

File [0;32m/opt/envs/allensdk/lib/python3.8/site-packages/h5py/_hl/files.py:231[0m, in [0;36mmake_fid[0;34m(name, mode, userblock_size, fapl, fcpl, swmr)[0m
[1;32m    229[0m     [38;5;28;01mif[39;00m swmr [38;5;129;01mand[39;00m swmr_support:
[1;32m    230[0m         flags [38;5;241m|[39m[38;5;241m=[39m h5f[38;5;241m.[39mACC_SWMR_READ
[0;32m--> 231[0m     fid [38;5;241m=[39m [43mh5f[49m[38;5;241;43m.[39;49m[43mopen[49m[43m([49m[43mname[49m[43m,[49m[43m [49m[43mflags[49m[43m,[49m[43m [49m[43mfapl[49m[38;5;241;43m=[39;49m[43mfapl[49m[43m)[49m
[1;32m    232[0m [38;5;28;01melif[39;00m mode [38;5;241m==[39m [38;5;124m'[39m[38;5;124mr+[39m[38;5;124m'[39m:
[1;32m    233[0m     fid [38;5;241m=[39m h5f[38;5;241m.[39mopen(name, h5f[38;5;241m.[39mACC_RDWR, fapl[38;5;241m=[39mfapl)

File [0;32mh5py/_objects.pyx:54[0m, in [0;36mh5py._objects.with_phil.wrapper[0;34m()[0m

File [0;32mh5py/_objects.pyx:55[0m, in [0;36mh5py._objects.with_phil.wrapper[0;34m()[0m

File [0;32mh5py/h5f.pyx:106[0m, in [0;36mh5py.h5f.open[0;34m()[0m

[0;31mFileNotFoundError[0m: [Errno 2] Unable to open file (unable to open file: name = 'data/864691134940133219_skel.h5', errno = 2, error message = 'No such file or directory', flags = 0, o_flags = 0)

