Traceback (most recent call last):
  File "/opt/conda/lib/python3.10/site-packages/jupyter_cache/executors/utils.py", line 58, in single_nb_execution
    executenb(
  File "/opt/conda/lib/python3.10/site-packages/nbclient/client.py", line 1305, in execute
    return NotebookClient(nb=nb, resources=resources, km=km, **kwargs).execute()
  File "/opt/conda/lib/python3.10/site-packages/jupyter_core/utils/__init__.py", line 166, in wrapped
    return loop.run_until_complete(inner)
  File "/opt/conda/lib/python3.10/asyncio/base_events.py", line 649, in run_until_complete
    return future.result()
  File "/opt/conda/lib/python3.10/site-packages/nbclient/client.py", line 705, in async_execute
    await self.async_execute_cell(
  File "/opt/conda/lib/python3.10/site-packages/nbclient/client.py", line 1058, in async_execute_cell
    await self._check_raise_for_error(cell, cell_index, exec_reply)
  File "/opt/conda/lib/python3.10/site-packages/nbclient/client.py", line 914, in _check_raise_for_error
    raise CellExecutionError.from_cell_and_msg(cell, exec_reply_content)
nbclient.exceptions.CellExecutionError: An error occurred while executing the following cell:
------------------
sess_units  = session.get_units()

#Grab units whose peak channels are in the LFP data, have relatively low isi violations and high amplitude spikes
units_on_lfp_chans = sess_units[(sess_units.peak_channel_id.isin(lfp.channel.values)) &
                                (sess_units.isi_violations < 0.5) &
                                (sess_units.amplitude > 200)]

#Merge this curated unit table with the channel table to get CCF locations for these units
units_on_lfp_chans = units_on_lfp_chans.merge(chans, left_on='peak_channel_id', right_index=True)

#Select a unit in V1
v1_units = units_on_lfp_chans[units_on_lfp_chans.structure_acronym.str.contains('VISp')]
unit_id = v1_units.index.values[5]

#Get the peak channel ID for this unit (the channel on which it had the greatest spike amplitude)
peak_chan_id = units_on_lfp_chans.loc[unit_id]['peak_channel_id']
peak_probe_position = units_on_lfp_chans.loc[unit_id]['probe_vertical_position']
------------------


[0;31m---------------------------------------------------------------------------[0m
[0;31mIndexError[0m                                Traceback (most recent call last)
Cell [0;32mIn[17], line 13[0m
[1;32m     11[0m [38;5;66;03m#Select a unit in V1[39;00m
[1;32m     12[0m v1_units [38;5;241m=[39m units_on_lfp_chans[units_on_lfp_chans[38;5;241m.[39mstructure_acronym[38;5;241m.[39mstr[38;5;241m.[39mcontains([38;5;124m'[39m[38;5;124mVISp[39m[38;5;124m'[39m)]
[0;32m---> 13[0m unit_id [38;5;241m=[39m [43mv1_units[49m[38;5;241;43m.[39;49m[43mindex[49m[38;5;241;43m.[39;49m[43mvalues[49m[43m[[49m[38;5;241;43m5[39;49m[43m][49m
[1;32m     15[0m [38;5;66;03m#Get the peak channel ID for this unit (the channel on which it had the greatest spike amplitude)[39;00m
[1;32m     16[0m peak_chan_id [38;5;241m=[39m units_on_lfp_chans[38;5;241m.[39mloc[unit_id][[38;5;124m'[39m[38;5;124mpeak_channel_id[39m[38;5;124m'[39m]

[0;31mIndexError[0m: index 5 is out of bounds for axis 0 with size 3

