Traceback (most recent call last):
  File "/opt/conda/lib/python3.10/site-packages/jupyter_cache/executors/utils.py", line 58, in single_nb_execution
    executenb(
  File "/opt/conda/lib/python3.10/site-packages/nbclient/client.py", line 1305, in execute
    return NotebookClient(nb=nb, resources=resources, km=km, **kwargs).execute()
  File "/opt/conda/lib/python3.10/site-packages/jupyter_core/utils/__init__.py", line 166, in wrapped
    return loop.run_until_complete(inner)
  File "/opt/conda/lib/python3.10/asyncio/base_events.py", line 649, in run_until_complete
    return future.result()
  File "/opt/conda/lib/python3.10/site-packages/nbclient/client.py", line 705, in async_execute
    await self.async_execute_cell(
  File "/opt/conda/lib/python3.10/site-packages/nbclient/client.py", line 1058, in async_execute_cell
    await self._check_raise_for_error(cell, cell_index, exec_reply)
  File "/opt/conda/lib/python3.10/site-packages/nbclient/client.py", line 914, in _check_raise_for_error
    raise CellExecutionError.from_cell_and_msg(cell, exec_reply_content)
nbclient.exceptions.CellExecutionError: An error occurred while executing the following cell:
------------------
print(lfp_es.electrodes[channel])
------------------


[0;31m---------------------------------------------------------------------------[0m
[0;31mAttributeError[0m                            Traceback (most recent call last)
Cell [0;32mIn[35], line 1[0m
[0;32m----> 1[0m [38;5;28mprint[39m([43mlfp_es[49m[38;5;241;43m.[39;49m[43melectrodes[49m[43m[[49m[43mchannel[49m[43m][49m)

File [0;32m/opt/envs/ctlut/lib/python3.10/site-packages/hdmf/common/table.py:1401[0m, in [0;36mDynamicTableRegion.__getitem__[0;34m(self, arg)[0m
[1;32m   1400[0m [38;5;28;01mdef[39;00m [38;5;21m__getitem__[39m([38;5;28mself[39m, arg):
[0;32m-> 1401[0m     [38;5;28;01mreturn[39;00m [38;5;28;43mself[39;49m[38;5;241;43m.[39;49m[43mget[49m[43m([49m[43marg[49m[43m)[49m

File [0;32m/opt/envs/ctlut/lib/python3.10/site-packages/hdmf/common/table.py:1439[0m, in [0;36mDynamicTableRegion.get[0;34m(self, arg, index, df, **kwargs)[0m
[1;32m   1437[0m     ret [38;5;241m=[39m [38;5;28mself[39m[38;5;241m.[39mdata[arg]
[1;32m   1438[0m     [38;5;28;01mif[39;00m [38;5;129;01mnot[39;00m index:
[0;32m-> 1439[0m         ret [38;5;241m=[39m [38;5;28;43mself[39;49m[38;5;241;43m.[39;49m[43mtable[49m[38;5;241;43m.[39;49m[43mget[49m[43m([49m[43mret[49m[43m,[49m[43m [49m[43mdf[49m[38;5;241;43m=[39;49m[43mdf[49m[43m,[49m[43m [49m[43mindex[49m[38;5;241;43m=[39;49m[43mindex[49m[43m,[49m[43m [49m[38;5;241;43m*[39;49m[38;5;241;43m*[39;49m[43mkwargs[49m[43m)[49m
[1;32m   1440[0m     [38;5;28;01mreturn[39;00m ret
[1;32m   1441[0m [38;5;28;01melif[39;00m [38;5;28misinstance[39m(arg, ([38;5;28mlist[39m, [38;5;28mslice[39m, np[38;5;241m.[39mndarray)):

File [0;32m/opt/envs/ctlut/lib/python3.10/site-packages/hdmf/common/table.py:1025[0m, in [0;36mDynamicTable.get[0;34m(self, key, default, df, index, **kwargs)[0m
[1;32m   1021[0m         [38;5;28;01mreturn[39;00m default
[1;32m   1022[0m [38;5;28;01melse[39;00m:
[1;32m   1023[0m     [38;5;66;03m# index by int, list, np.ndarray, or slice -->[39;00m
[1;32m   1024[0m     [38;5;66;03m# return pandas Dataframe or lists consisting of one or more rows[39;00m
[0;32m-> 1025[0m     sel [38;5;241m=[39m [38;5;28;43mself[39;49m[38;5;241;43m.[39;49m[43m__get_selection_as_dict[49m[43m([49m[43mkey[49m[43m,[49m[43m [49m[43mdf[49m[43m,[49m[43m [49m[43mindex[49m[43m,[49m[43m [49m[38;5;241;43m*[39;49m[38;5;241;43m*[39;49m[43mkwargs[49m[43m)[49m
[1;32m   1026[0m     [38;5;28;01mif[39;00m df:
[1;32m   1027[0m         [38;5;66;03m# reformat objects to fit into a pandas DataFrame[39;00m
[1;32m   1028[0m         [38;5;28;01mif[39;00m np[38;5;241m.[39misscalar(key):

File [0;32m/opt/envs/ctlut/lib/python3.10/site-packages/hdmf/common/table.py:1063[0m, in [0;36mDynamicTable.__get_selection_as_dict[0;34m(self, arg, df, index, exclude, **kwargs)[0m
[1;32m   1061[0m             ret[name] [38;5;241m=[39m col[38;5;241m.[39mget(arg, df[38;5;241m=[39m[38;5;28;01mFalse[39;00m, index[38;5;241m=[39m[38;5;28;01mTrue[39;00m, [38;5;241m*[39m[38;5;241m*[39mkwargs)
[1;32m   1062[0m         [38;5;28;01melse[39;00m:
[0;32m-> 1063[0m             ret[name] [38;5;241m=[39m [43mcol[49m[38;5;241;43m.[39;49m[43mget[49m[43m([49m[43marg[49m[43m,[49m[43m [49m[43mdf[49m[38;5;241;43m=[39;49m[43mdf[49m[43m,[49m[43m [49m[43mindex[49m[38;5;241;43m=[39;49m[43mindex[49m[43m,[49m[43m [49m[38;5;241;43m*[39;49m[38;5;241;43m*[39;49m[43mkwargs[49m[43m)[49m
[1;32m   1064[0m     [38;5;28;01mreturn[39;00m ret
[1;32m   1065[0m [38;5;66;03m# if index is out of range, different errors can be generated depending on the dtype of the column[39;00m
[1;32m   1066[0m [38;5;66;03m# but despite the differences, raise an IndexError from that error[39;00m

File [0;32m/opt/envs/ctlut/lib/python3.10/site-packages/hdmf/common/table.py:61[0m, in [0;36mVectorData.get[0;34m(self, key, **kwargs)[0m
[1;32m     54[0m [38;5;28;01mdef[39;00m [38;5;21mget[39m([38;5;28mself[39m, key, [38;5;241m*[39m[38;5;241m*[39mkwargs):
[1;32m     55[0m [38;5;250m    [39m[38;5;124;03m"""[39;00m
[1;32m     56[0m [38;5;124;03m    Retrieve elements from this VectorData[39;00m
[1;32m     57[0m 
[1;32m     58[0m [38;5;124;03m    :param key: Selection of the elements[39;00m
[1;32m     59[0m [38;5;124;03m    :param kwargs: Ignored[39;00m
[1;32m     60[0m [38;5;124;03m    """[39;00m
[0;32m---> 61[0m     [38;5;28;01mreturn[39;00m [38;5;28;43msuper[39;49m[43m([49m[43m)[49m[38;5;241;43m.[39;49m[43mget[49m[43m([49m[43mkey[49m[43m)[49m

File [0;32m/opt/envs/ctlut/lib/python3.10/site-packages/hdmf/container.py:948[0m, in [0;36mData.get[0;34m(self, args)[0m
[1;32m    945[0m [38;5;28;01mif[39;00m [38;5;28misinstance[39m([38;5;28mself[39m[38;5;241m.[39mdata, h5py[38;5;241m.[39mDataset) [38;5;129;01mand[39;00m [38;5;28misinstance[39m(args, np[38;5;241m.[39mndarray):
[1;32m    946[0m     [38;5;66;03m# This is needed for h5py 2.9 compatibility[39;00m
[1;32m    947[0m     args [38;5;241m=[39m args[38;5;241m.[39mtolist()
[0;32m--> 948[0m [38;5;28;01mreturn[39;00m [38;5;28;43mself[39;49m[38;5;241;43m.[39;49m[43mdata[49m[43m[[49m[43margs[49m[43m][49m

File [0;32m/opt/envs/ctlut/lib/python3.10/site-packages/hdmf_zarr/zarr_utils.py:196[0m, in [0;36mAbstractZarrReferenceDataset.__getitem__[0;34m(self, arg)[0m
[1;32m    194[0m     [38;5;28;01mreturn[39;00m [[38;5;28mself[39m[38;5;241m.[39m_get_ref(x) [38;5;28;01mfor[39;00m x [38;5;129;01min[39;00m ref]
[1;32m    195[0m [38;5;28;01melse[39;00m:
[0;32m--> 196[0m     [38;5;28;01mreturn[39;00m [38;5;28;43mself[39;49m[38;5;241;43m.[39;49m[43m_get_ref[49m[43m([49m[43mref[49m[43m)[49m

File [0;32m/opt/envs/ctlut/lib/python3.10/site-packages/hdmf_zarr/zarr_utils.py:66[0m, in [0;36mDatasetOfReferences._get_ref[0;34m(self, ref)[0m
[1;32m     65[0m [38;5;28;01mdef[39;00m [38;5;21m_get_ref[39m([38;5;28mself[39m, ref):
[0;32m---> 66[0m     name, zarr_obj [38;5;241m=[39m [38;5;28;43mself[39;49m[38;5;241;43m.[39;49m[43mio[49m[38;5;241;43m.[39;49m[43mresolve_ref[49m[43m([49m[43mref[49m[43m)[49m  [38;5;66;03m# ref is a json dict containing the path to the object[39;00m
[1;32m     67[0m     [38;5;28;01mreturn[39;00m [38;5;28mself[39m[38;5;241m.[39mget_object(zarr_obj)

File [0;32m/opt/envs/ctlut/lib/python3.10/site-packages/hdmf_zarr/backend.py:716[0m, in [0;36mZarrIO.resolve_ref[0;34m(self, zarr_ref)[0m
[1;32m    714[0m     source_file [38;5;241m=[39m [38;5;28mstr[39m(zarr_ref[[38;5;124m'[39m[38;5;124msource[39m[38;5;124m'[39m])
[1;32m    715[0m [38;5;66;03m# Resolve the path relative to the current file[39;00m
[0;32m--> 716[0m [38;5;28;01mif[39;00m [38;5;129;01mnot[39;00m [38;5;28;43mself[39;49m[38;5;241;43m.[39;49m[43mis_remote[49m[43m([49m[43m)[49m:
[1;32m    717[0m     source_file [38;5;241m=[39m os[38;5;241m.[39mpath[38;5;241m.[39mabspath(os[38;5;241m.[39mpath[38;5;241m.[39mjoin([38;5;28mself[39m[38;5;241m.[39msource, source_file))
[1;32m    718[0m [38;5;28;01melse[39;00m:
[1;32m    719[0m     [38;5;66;03m# get rid of extra "/" and "./" in the path root and source_file[39;00m

File [0;32m/opt/envs/ctlut/lib/python3.10/site-packages/hdmf_zarr/backend.py:188[0m, in [0;36mZarrIO.is_remote[0;34m(self)[0m
[1;32m    186[0m [38;5;250m[39m[38;5;124;03m"""Return True if the file is remote, False otherwise"""[39;00m
[1;32m    187[0m [38;5;28;01mfrom[39;00m [38;5;21;01mzarr[39;00m[38;5;21;01m.[39;00m[38;5;21;01mstorage[39;00m [38;5;28;01mimport[39;00m FSStore
[0;32m--> 188[0m [38;5;28;01mif[39;00m [38;5;28misinstance[39m([38;5;28;43mself[39;49m[38;5;241;43m.[39;49m[43mfile[49m[38;5;241;43m.[39;49m[43mstore[49m, FSStore):
[1;32m    189[0m     [38;5;28;01mreturn[39;00m [38;5;28;01mTrue[39;00m
[1;32m    190[0m [38;5;28;01melse[39;00m:

[0;31mAttributeError[0m: 'NoneType' object has no attribute 'store'

