Traceback (most recent call last):
  File "/opt/conda/lib/python3.10/site-packages/jupyter_cache/executors/utils.py", line 58, in single_nb_execution
    executenb(
  File "/opt/conda/lib/python3.10/site-packages/nbclient/client.py", line 1305, in execute
    return NotebookClient(nb=nb, resources=resources, km=km, **kwargs).execute()
  File "/opt/conda/lib/python3.10/site-packages/jupyter_core/utils/__init__.py", line 166, in wrapped
    return loop.run_until_complete(inner)
  File "/opt/conda/lib/python3.10/asyncio/base_events.py", line 649, in run_until_complete
    return future.result()
  File "/opt/conda/lib/python3.10/site-packages/nbclient/client.py", line 705, in async_execute
    await self.async_execute_cell(
  File "/opt/conda/lib/python3.10/site-packages/nbclient/client.py", line 1058, in async_execute_cell
    await self._check_raise_for_error(cell, cell_index, exec_reply)
  File "/opt/conda/lib/python3.10/site-packages/nbclient/client.py", line 914, in _check_raise_for_error
    raise CellExecutionError.from_cell_and_msg(cell, exec_reply_content)
nbclient.exceptions.CellExecutionError: An error occurred while executing the following cell:
------------------
# create a list of all unique stimuli presented in this experiment
unique_stimuli = [stimulus for stimulus in ophys_experiment.stimulus_presentations['image_name'].unique()]

# create a colormap with each unique image having its own color
colormap = {image_name: sns.color_palette()[image_number] for image_number, image_name in enumerate(np.sort(unique_stimuli))}
colormap['omitted'] = (1,1,1) # set omitted stimulus to white color

# add the colors for each image to the stimulus presentations table in the dataset
stimulus_presentations = ophys_experiment.stimulus_presentations
stimulus_presentations['color'] = ophys_experiment.stimulus_presentations['image_name'].map(lambda image_name: colormap[image_name])
------------------


[0;31m---------------------------------------------------------------------------[0m
[0;31mKeyError[0m                                  Traceback (most recent call last)
Cell [0;32mIn[42], line 10[0m
[1;32m      8[0m [38;5;66;03m# add the colors for each image to the stimulus presentations table in the dataset[39;00m
[1;32m      9[0m stimulus_presentations [38;5;241m=[39m ophys_experiment[38;5;241m.[39mstimulus_presentations
[0;32m---> 10[0m stimulus_presentations[[38;5;124m'[39m[38;5;124mcolor[39m[38;5;124m'[39m] [38;5;241m=[39m [43mophys_experiment[49m[38;5;241;43m.[39;49m[43mstimulus_presentations[49m[43m[[49m[38;5;124;43m'[39;49m[38;5;124;43mimage_name[39;49m[38;5;124;43m'[39;49m[43m][49m[38;5;241;43m.[39;49m[43mmap[49m[43m([49m[38;5;28;43;01mlambda[39;49;00m[43m [49m[43mimage_name[49m[43m:[49m[43m [49m[43mcolormap[49m[43m[[49m[43mimage_name[49m[43m][49m[43m)[49m

File [0;32m/opt/envs/allensdk/lib/python3.10/site-packages/pandas/core/series.py:4539[0m, in [0;36mSeries.map[0;34m(self, arg, na_action)[0m
[1;32m   4460[0m [38;5;28;01mdef[39;00m [38;5;21mmap[39m(
[1;32m   4461[0m     [38;5;28mself[39m,
[1;32m   4462[0m     arg: Callable [38;5;241m|[39m Mapping [38;5;241m|[39m Series,
[1;32m   4463[0m     na_action: Literal[[38;5;124m"[39m[38;5;124mignore[39m[38;5;124m"[39m] [38;5;241m|[39m [38;5;28;01mNone[39;00m [38;5;241m=[39m [38;5;28;01mNone[39;00m,
[1;32m   4464[0m ) [38;5;241m-[39m[38;5;241m>[39m Series:
[1;32m   4465[0m [38;5;250m    [39m[38;5;124;03m"""[39;00m
[1;32m   4466[0m [38;5;124;03m    Map values of Series according to an input mapping or function.[39;00m
[1;32m   4467[0m 
[0;32m   (...)[0m
[1;32m   4537[0m [38;5;124;03m    dtype: object[39;00m
[1;32m   4538[0m [38;5;124;03m    """[39;00m
[0;32m-> 4539[0m     new_values [38;5;241m=[39m [38;5;28;43mself[39;49m[38;5;241;43m.[39;49m[43m_map_values[49m[43m([49m[43marg[49m[43m,[49m[43m [49m[43mna_action[49m[38;5;241;43m=[39;49m[43mna_action[49m[43m)[49m
[1;32m   4540[0m     [38;5;28;01mreturn[39;00m [38;5;28mself[39m[38;5;241m.[39m_constructor(new_values, index[38;5;241m=[39m[38;5;28mself[39m[38;5;241m.[39mindex)[38;5;241m.[39m__finalize__(
[1;32m   4541[0m         [38;5;28mself[39m, method[38;5;241m=[39m[38;5;124m"[39m[38;5;124mmap[39m[38;5;124m"[39m
[1;32m   4542[0m     )

File [0;32m/opt/envs/allensdk/lib/python3.10/site-packages/pandas/core/base.py:890[0m, in [0;36mIndexOpsMixin._map_values[0;34m(self, mapper, na_action)[0m
[1;32m    887[0m         [38;5;28;01mraise[39;00m [38;5;167;01mValueError[39;00m(msg)
[1;32m    889[0m [38;5;66;03m# mapper is a function[39;00m
[0;32m--> 890[0m new_values [38;5;241m=[39m [43mmap_f[49m[43m([49m[43mvalues[49m[43m,[49m[43m [49m[43mmapper[49m[43m)[49m
[1;32m    892[0m [38;5;28;01mreturn[39;00m new_values

File [0;32m/opt/envs/allensdk/lib/python3.10/site-packages/pandas/_libs/lib.pyx:2924[0m, in [0;36mpandas._libs.lib.map_infer[0;34m()[0m

Cell [0;32mIn[42], line 10[0m, in [0;36m<lambda>[0;34m(image_name)[0m
[1;32m      8[0m [38;5;66;03m# add the colors for each image to the stimulus presentations table in the dataset[39;00m
[1;32m      9[0m stimulus_presentations [38;5;241m=[39m ophys_experiment[38;5;241m.[39mstimulus_presentations
[0;32m---> 10[0m stimulus_presentations[[38;5;124m'[39m[38;5;124mcolor[39m[38;5;124m'[39m] [38;5;241m=[39m ophys_experiment[38;5;241m.[39mstimulus_presentations[[38;5;124m'[39m[38;5;124mimage_name[39m[38;5;124m'[39m][38;5;241m.[39mmap([38;5;28;01mlambda[39;00m image_name: [43mcolormap[49m[43m[[49m[43mimage_name[49m[43m][49m)

[0;31mKeyError[0m: nan

