Traceback (most recent call last):
  File "/opt/conda/lib/python3.10/site-packages/jupyter_cache/executors/utils.py", line 58, in single_nb_execution
    executenb(
  File "/opt/conda/lib/python3.10/site-packages/nbclient/client.py", line 1305, in execute
    return NotebookClient(nb=nb, resources=resources, km=km, **kwargs).execute()
  File "/opt/conda/lib/python3.10/site-packages/jupyter_core/utils/__init__.py", line 166, in wrapped
    return loop.run_until_complete(inner)
  File "/opt/conda/lib/python3.10/asyncio/base_events.py", line 649, in run_until_complete
    return future.result()
  File "/opt/conda/lib/python3.10/site-packages/nbclient/client.py", line 705, in async_execute
    await self.async_execute_cell(
  File "/opt/conda/lib/python3.10/site-packages/nbclient/client.py", line 1058, in async_execute_cell
    await self._check_raise_for_error(cell, cell_index, exec_reply)
  File "/opt/conda/lib/python3.10/site-packages/nbclient/client.py", line 914, in _check_raise_for_error
    raise CellExecutionError.from_cell_and_msg(cell, exec_reply_content)
nbclient.exceptions.CellExecutionError: An error occurred while executing the following cell:
------------------
trials = ophys_experiment.trials.copy()
trial = trials[trials.hit==True].sample()
fig, axes = make_trial_plot(trial)
------------------


[0;31m---------------------------------------------------------------------------[0m
[0;31mKeyError[0m                                  Traceback (most recent call last)
Cell [0;32mIn[23], line 3[0m
[1;32m      1[0m trials [38;5;241m=[39m ophys_experiment[38;5;241m.[39mtrials[38;5;241m.[39mcopy()
[1;32m      2[0m trial [38;5;241m=[39m trials[trials[38;5;241m.[39mhit[38;5;241m==[39m[38;5;28;01mTrue[39;00m][38;5;241m.[39msample()
[0;32m----> 3[0m fig, axes [38;5;241m=[39m [43mmake_trial_plot[49m[43m([49m[43mtrial[49m[43m)[49m

Cell [0;32mIn[21], line 103[0m, in [0;36mmake_trial_plot[0;34m(trial)[0m
[1;32m    100[0m fig, axes [38;5;241m=[39m plt[38;5;241m.[39msubplots([38;5;241m4[39m, [38;5;241m1[39m, figsize [38;5;241m=[39m ([38;5;241m15[39m, [38;5;241m8[39m), sharex[38;5;241m=[39m[38;5;28;01mTrue[39;00m)
[1;32m    102[0m [38;5;28;01mfor[39;00m ax [38;5;129;01min[39;00m axes:
[0;32m--> 103[0m     [43mplot_stimuli[49m[43m([49m[43mtrial[49m[43m,[49m[43m [49m[43max[49m[43m)[49m
[1;32m    105[0m plot_running(trial, axes[[38;5;241m0[39m])
[1;32m    107[0m plot_licks(trial, axes[[38;5;241m1[39m])

Cell [0;32mIn[21], line 20[0m, in [0;36mplot_stimuli[0;34m(trial, ax)[0m
[1;32m     16[0m [38;5;250m[39m[38;5;124;03m'''[39;00m
[1;32m     17[0m [38;5;124;03mplot stimuli as colored bars on specified axis[39;00m
[1;32m     18[0m [38;5;124;03m'''[39;00m
[1;32m     19[0m stimuli [38;5;241m=[39m ophys_experiment[38;5;241m.[39mstimulus_presentations[38;5;241m.[39mcopy()
[0;32m---> 20[0m stimuli [38;5;241m=[39m [43madd_image_colors[49m[43m([49m[43mstimuli[49m[43m)[49m
[1;32m     21[0m stimuli [38;5;241m=[39m stimuli[(stimuli[38;5;241m.[39mend_time [38;5;241m>[39m[38;5;241m=[39m trial[[38;5;124m'[39m[38;5;124mstart_time[39m[38;5;124m'[39m][38;5;241m.[39mvalues[[38;5;241m0[39m]) [38;5;241m&[39m 
[1;32m     22[0m                   (stimuli[38;5;241m.[39mstart_time [38;5;241m<[39m[38;5;241m=[39m trial[[38;5;124m'[39m[38;5;124mstop_time[39m[38;5;124m'[39m][38;5;241m.[39mvalues[[38;5;241m0[39m])]
[1;32m     23[0m [38;5;28;01mfor[39;00m idx, stimulus [38;5;129;01min[39;00m stimuli[38;5;241m.[39miterrows():

Cell [0;32mIn[21], line 11[0m, in [0;36madd_image_colors[0;34m(stimulus_presentations)[0m
[1;32m      9[0m colormap[[38;5;124m'[39m[38;5;124momitted[39m[38;5;124m'[39m] [38;5;241m=[39m [[38;5;241m1[39m, [38;5;241m1[39m, [38;5;241m1[39m] [38;5;66;03m# assign white to omitted[39;00m
[1;32m     10[0m [38;5;66;03m# add color column to stimulus presentations[39;00m
[0;32m---> 11[0m stimulus_presentations[[38;5;124m'[39m[38;5;124mcolor[39m[38;5;124m'[39m] [38;5;241m=[39m [43mstimulus_presentations[49m[43m[[49m[38;5;124;43m'[39;49m[38;5;124;43mimage_name[39;49m[38;5;124;43m'[39;49m[43m][49m[38;5;241;43m.[39;49m[43mmap[49m[43m([49m[38;5;28;43;01mlambda[39;49;00m[43m [49m[43mimage_name[49m[43m:[49m[43m [49m[43mcolormap[49m[43m[[49m[43mimage_name[49m[43m][49m[43m)[49m
[1;32m     12[0m [38;5;28;01mreturn[39;00m stimulus_presentations

File [0;32m/opt/envs/allensdk/lib/python3.10/site-packages/pandas/core/series.py:4539[0m, in [0;36mSeries.map[0;34m(self, arg, na_action)[0m
[1;32m   4460[0m [38;5;28;01mdef[39;00m [38;5;21mmap[39m(
[1;32m   4461[0m     [38;5;28mself[39m,
[1;32m   4462[0m     arg: Callable [38;5;241m|[39m Mapping [38;5;241m|[39m Series,
[1;32m   4463[0m     na_action: Literal[[38;5;124m"[39m[38;5;124mignore[39m[38;5;124m"[39m] [38;5;241m|[39m [38;5;28;01mNone[39;00m [38;5;241m=[39m [38;5;28;01mNone[39;00m,
[1;32m   4464[0m ) [38;5;241m-[39m[38;5;241m>[39m Series:
[1;32m   4465[0m [38;5;250m    [39m[38;5;124;03m"""[39;00m
[1;32m   4466[0m [38;5;124;03m    Map values of Series according to an input mapping or function.[39;00m
[1;32m   4467[0m 
[0;32m   (...)[0m
[1;32m   4537[0m [38;5;124;03m    dtype: object[39;00m
[1;32m   4538[0m [38;5;124;03m    """[39;00m
[0;32m-> 4539[0m     new_values [38;5;241m=[39m [38;5;28;43mself[39;49m[38;5;241;43m.[39;49m[43m_map_values[49m[43m([49m[43marg[49m[43m,[49m[43m [49m[43mna_action[49m[38;5;241;43m=[39;49m[43mna_action[49m[43m)[49m
[1;32m   4540[0m     [38;5;28;01mreturn[39;00m [38;5;28mself[39m[38;5;241m.[39m_constructor(new_values, index[38;5;241m=[39m[38;5;28mself[39m[38;5;241m.[39mindex)[38;5;241m.[39m__finalize__(
[1;32m   4541[0m         [38;5;28mself[39m, method[38;5;241m=[39m[38;5;124m"[39m[38;5;124mmap[39m[38;5;124m"[39m
[1;32m   4542[0m     )

File [0;32m/opt/envs/allensdk/lib/python3.10/site-packages/pandas/core/base.py:890[0m, in [0;36mIndexOpsMixin._map_values[0;34m(self, mapper, na_action)[0m
[1;32m    887[0m         [38;5;28;01mraise[39;00m [38;5;167;01mValueError[39;00m(msg)
[1;32m    889[0m [38;5;66;03m# mapper is a function[39;00m
[0;32m--> 890[0m new_values [38;5;241m=[39m [43mmap_f[49m[43m([49m[43mvalues[49m[43m,[49m[43m [49m[43mmapper[49m[43m)[49m
[1;32m    892[0m [38;5;28;01mreturn[39;00m new_values

File [0;32m/opt/envs/allensdk/lib/python3.10/site-packages/pandas/_libs/lib.pyx:2924[0m, in [0;36mpandas._libs.lib.map_infer[0;34m()[0m

Cell [0;32mIn[21], line 11[0m, in [0;36madd_image_colors.<locals>.<lambda>[0;34m(image_name)[0m
[1;32m      9[0m colormap[[38;5;124m'[39m[38;5;124momitted[39m[38;5;124m'[39m] [38;5;241m=[39m [[38;5;241m1[39m, [38;5;241m1[39m, [38;5;241m1[39m] [38;5;66;03m# assign white to omitted[39;00m
[1;32m     10[0m [38;5;66;03m# add color column to stimulus presentations[39;00m
[0;32m---> 11[0m stimulus_presentations[[38;5;124m'[39m[38;5;124mcolor[39m[38;5;124m'[39m] [38;5;241m=[39m stimulus_presentations[[38;5;124m'[39m[38;5;124mimage_name[39m[38;5;124m'[39m][38;5;241m.[39mmap([38;5;28;01mlambda[39;00m image_name: [43mcolormap[49m[43m[[49m[43mimage_name[49m[43m][49m)
[1;32m     12[0m [38;5;28;01mreturn[39;00m stimulus_presentations

[0;31mKeyError[0m: nan

